<?xml version="1.0" encoding="UTF-8"?>
<testsuite xmlns:xsi="http://www.w3.org/2001/XMLSchema-instance" xsi:noNamespaceSchemaLocation="https://maven.apache.org/surefire/maven-failsafe-plugin/xsd/failsafe-test-report.xsd" name="com.dlg.runner.XPostExecution" time="0" tests="1" errors="0" skipped="0" failures="0">
  <properties>
    <property name="sun.desktop" value="windows"/>
    <property name="awt.toolkit" value="sun.awt.windows.WToolkit"/>
    <property name="file.encoding.pkg" value="sun.io"/>
    <property name="java.specification.version" value="1.8"/>
    <property name="sun.cpu.isalist" value="amd64"/>
    <property name="sun.jnu.encoding" value="Cp1252"/>
    <property name="java.class.path" value="D:\Selenium\DLGAutomationFramework\target\test-classes;D:\Selenium\DLGAutomationFramework\target\Automation_Framework-0.0.1-SNAPSHOT.jar;C:\Users\pindupal\.m2\repository\commons-io\commons-io\2.4\commons-io-2.4.jar;C:\Users\pindupal\.m2\repository\com\beust\jcommander\1.72\jcommander-1.72.jar;C:\Users\pindupal\.m2\repository\org\beanshell\bsh\2.0b4\bsh-2.0b4.jar;C:\Users\pindupal\.m2\repository\info\cukes\cucumber-java\1.2.5\cucumber-java-1.2.5.jar;C:\Users\pindupal\.m2\repository\info\cukes\cucumber-core\1.2.5\cucumber-core-1.2.5.jar;C:\Users\pindupal\.m2\repository\info\cukes\cucumber-html\0.2.3\cucumber-html-0.2.3.jar;C:\Users\pindupal\.m2\repository\info\cukes\cucumber-jvm-deps\1.0.5\cucumber-jvm-deps-1.0.5.jar;C:\Users\pindupal\.m2\repository\info\cukes\gherkin\2.12.2\gherkin-2.12.2.jar;C:\Users\pindupal\.m2\repository\io\cucumber\cucumber-picocontainer\2.3.1\cucumber-picocontainer-2.3.1.jar;C:\Users\pindupal\.m2\repository\io\cucumber\cucumber-java\2.3.1\cucumber-java-2.3.1.jar;C:\Users\pindupal\.m2\repository\io\cucumber\cucumber-core\2.3.1\cucumber-core-2.3.1.jar;C:\Users\pindupal\.m2\repository\io\cucumber\tag-expressions\1.1.1\tag-expressions-1.1.1.jar;C:\Users\pindupal\.m2\repository\io\cucumber\cucumber-jvm-deps\1.0.6\cucumber-jvm-deps-1.0.6.jar;C:\Users\pindupal\.m2\repository\io\cucumber\gherkin\5.0.0\gherkin-5.0.0.jar;C:\Users\pindupal\.m2\repository\org\picocontainer\picocontainer\2.15\picocontainer-2.15.jar;C:\Users\pindupal\.m2\repository\com\google\guava\guava\24.0-jre\guava-24.0-jre.jar;C:\Users\pindupal\.m2\repository\com\google\code\findbugs\jsr305\1.3.9\jsr305-1.3.9.jar;C:\Users\pindupal\.m2\repository\org\checkerframework\checker-compat-qual\2.0.0\checker-compat-qual-2.0.0.jar;C:\Users\pindupal\.m2\repository\com\google\errorprone\error_prone_annotations\2.1.3\error_prone_annotations-2.1.3.jar;C:\Users\pindupal\.m2\repository\com\google\j2objc\j2objc-annotations\1.1\j2objc-annotations-1.1.jar;C:\Users\pindupal\.m2\repository\org\codehaus\mojo\animal-sniffer-annotations\1.14\animal-sniffer-annotations-1.14.jar;C:\Users\pindupal\.m2\repository\org\seleniumhq\selenium\selenium-java\3.9.1\selenium-java-3.9.1.jar;C:\Users\pindupal\.m2\repository\org\seleniumhq\selenium\selenium-api\3.9.1\selenium-api-3.9.1.jar;C:\Users\pindupal\.m2\repository\org\seleniumhq\selenium\selenium-chrome-driver\3.9.1\selenium-chrome-driver-3.9.1.jar;C:\Users\pindupal\.m2\repository\org\seleniumhq\selenium\selenium-edge-driver\3.9.1\selenium-edge-driver-3.9.1.jar;C:\Users\pindupal\.m2\repository\org\seleniumhq\selenium\selenium-firefox-driver\3.9.1\selenium-firefox-driver-3.9.1.jar;C:\Users\pindupal\.m2\repository\org\seleniumhq\selenium\selenium-ie-driver\3.9.1\selenium-ie-driver-3.9.1.jar;C:\Users\pindupal\.m2\repository\org\seleniumhq\selenium\selenium-opera-driver\3.9.1\selenium-opera-driver-3.9.1.jar;C:\Users\pindupal\.m2\repository\org\seleniumhq\selenium\selenium-remote-driver\3.9.1\selenium-remote-driver-3.9.1.jar;C:\Users\pindupal\.m2\repository\org\seleniumhq\selenium\selenium-safari-driver\3.9.1\selenium-safari-driver-3.9.1.jar;C:\Users\pindupal\.m2\repository\org\seleniumhq\selenium\selenium-support\3.9.1\selenium-support-3.9.1.jar;C:\Users\pindupal\.m2\repository\net\bytebuddy\byte-buddy\1.7.9\byte-buddy-1.7.9.jar;C:\Users\pindupal\.m2\repository\org\apache\commons\commons-exec\1.3\commons-exec-1.3.jar;C:\Users\pindupal\.m2\repository\commons-logging\commons-logging\1.2\commons-logging-1.2.jar;C:\Users\pindupal\.m2\repository\com\google\code\gson\gson\2.8.2\gson-2.8.2.jar;C:\Users\pindupal\.m2\repository\org\apache\httpcomponents\httpcore\4.4.6\httpcore-4.4.6.jar;C:\Users\pindupal\.m2\repository\com\squareup\okhttp3\okhttp\3.9.1\okhttp-3.9.1.jar;C:\Users\pindupal\.m2\repository\com\squareup\okio\okio\1.13.0\okio-1.13.0.jar;C:\Users\pindupal\.m2\repository\org\seleniumhq\selenium\selenium-server\3.9.1\selenium-server-3.9.1.jar;C:\Users\pindupal\.m2\repository\org\apache\commons\commons-lang3\3.7\commons-lang3-3.7.jar;C:\Users\pindupal\.m2\repository\org\apache\commons\commons-text\1.1\commons-text-1.1.jar;C:\Users\pindupal\.m2\repository\commons-net\commons-net\3.6\commons-net-3.6.jar;C:\Users\pindupal\.m2\repository\org\w3c\css\sac\1.3\sac-1.3.jar;C:\Users\pindupal\.m2\repository\net\sourceforge\cssparser\cssparser\0.9.24\cssparser-0.9.24.jar;C:\Users\pindupal\.m2\repository\net\sourceforge\htmlunit\htmlunit\2.29\htmlunit-2.29.jar;C:\Users\pindupal\.m2\repository\net\sourceforge\htmlunit\htmlunit-core-js\2.28\htmlunit-core-js-2.28.jar;C:\Users\pindupal\.m2\repository\net\sourceforge\htmlunit\neko-htmlunit\2.28\neko-htmlunit-2.28.jar;C:\Users\pindupal\.m2\repository\net\jcip\jcip-annotations\1.0\jcip-annotations-1.0.jar;C:\Users\pindupal\.m2\repository\org\seleniumhq\selenium\jetty-repacked\9.4.7.v20171121\jetty-repacked-9.4.7.v20171121.jar;C:\Users\pindupal\.m2\repository\org\eclipse\jetty\jetty-client\9.4.7.v20170914\jetty-client-9.4.7.v20170914.jar;C:\Users\pindupal\.m2\repository\org\eclipse\jetty\jetty-http\9.4.8.v20171121\jetty-http-9.4.8.v20171121.jar;C:\Users\pindupal\.m2\repository\org\eclipse\jetty\jetty-io\9.4.8.v20171121\jetty-io-9.4.8.v20171121.jar;C:\Users\pindupal\.m2\repository\org\eclipse\jetty\jetty-util\9.4.8.v20171121\jetty-util-9.4.8.v20171121.jar;C:\Users\pindupal\.m2\repository\org\eclipse\jetty\jetty-xml\9.4.7.v20170914\jetty-xml-9.4.7.v20170914.jar;C:\Users\pindupal\.m2\repository\org\seleniumhq\selenium\htmlunit-driver\2.29.0\htmlunit-driver-2.29.0.jar;C:\Users\pindupal\.m2\repository\javax\servlet\javax.servlet-api\3.1.0\javax.servlet-api-3.1.0.jar;C:\Users\pindupal\.m2\repository\org\eclipse\jetty\websocket\websocket-api\9.4.7.v20170914\websocket-api-9.4.7.v20170914.jar;C:\Users\pindupal\.m2\repository\org\eclipse\jetty\websocket\websocket-client\9.4.7.v20170914\websocket-client-9.4.7.v20170914.jar;C:\Users\pindupal\.m2\repository\org\eclipse\jetty\websocket\websocket-common\9.4.7.v20170914\websocket-common-9.4.7.v20170914.jar;C:\Users\pindupal\.m2\repository\xalan\serializer\2.7.2\serializer-2.7.2.jar;C:\Users\pindupal\.m2\repository\xalan\xalan\2.7.2\xalan-2.7.2.jar;C:\Users\pindupal\.m2\repository\xerces\xercesImpl\2.11.0\xercesImpl-2.11.0.jar;C:\Users\pindupal\.m2\repository\xml-apis\xml-apis\1.4.01\xml-apis-1.4.01.jar;C:\Users\pindupal\.m2\repository\org\yaml\snakeyaml\1.19\snakeyaml-1.19.jar;C:\Users\pindupal\.m2\repository\junit\junit\4.12\junit-4.12.jar;C:\Users\pindupal\.m2\repository\org\hamcrest\hamcrest-core\1.3\hamcrest-core-1.3.jar;C:\Users\pindupal\.m2\repository\info\cukes\cucumber-junit\1.2.5\cucumber-junit-1.2.5.jar;C:\Users\pindupal\.m2\repository\javax\ws\rs\javax.ws.rs-api\2.1\javax.ws.rs-api-2.1.jar;C:\Users\pindupal\.m2\repository\org\glassfish\jersey\core\jersey-common\2.26\jersey-common-2.26.jar;C:\Users\pindupal\.m2\repository\javax\annotation\javax.annotation-api\1.2\javax.annotation-api-1.2.jar;C:\Users\pindupal\.m2\repository\org\glassfish\hk2\external\javax.inject\2.5.0-b42\javax.inject-2.5.0-b42.jar;C:\Users\pindupal\.m2\repository\org\glassfish\hk2\osgi-resource-locator\1.0.1\osgi-resource-locator-1.0.1.jar;C:\Users\pindupal\.m2\repository\org\glassfish\hk2\hk2-api\2.5.0-b61\hk2-api-2.5.0-b61.jar;C:\Users\pindupal\.m2\repository\javax\inject\javax.inject\1\javax.inject-1.jar;C:\Users\pindupal\.m2\repository\org\glassfish\hk2\hk2-utils\2.5.0-b61\hk2-utils-2.5.0-b61.jar;C:\Users\pindupal\.m2\repository\org\glassfish\hk2\external\aopalliance-repackaged\2.5.0-b61\aopalliance-repackaged-2.5.0-b61.jar;C:\Users\pindupal\.m2\repository\org\glassfish\jersey\bundles\repackaged\jersey-guava\2.26-b03\jersey-guava-2.26-b03.jar;C:\Users\pindupal\.m2\repository\org\eclipse\swt-win32-win32-x86\3.5.2\swt-win32-win32-x86-3.5.2.jar;C:\Users\pindupal\.m2\repository\org\jboss\resteasy\resteasy-client\3.0.2.Final\resteasy-client-3.0.2.Final.jar;C:\Users\pindupal\.m2\repository\org\jboss\resteasy\resteasy-jaxrs\3.0.2.Final\resteasy-jaxrs-3.0.2.Final.jar;C:\Users\pindupal\.m2\repository\org\jboss\resteasy\jaxrs-api\3.0.2.Final\jaxrs-api-3.0.2.Final.jar;C:\Users\pindupal\.m2\repository\org\slf4j\slf4j-simple\1.5.8\slf4j-simple-1.5.8.jar;C:\Users\pindupal\.m2\repository\org\scannotation\scannotation\1.0.3\scannotation-1.0.3.jar;C:\Users\pindupal\.m2\repository\javassist\javassist\3.12.1.GA\javassist-3.12.1.GA.jar;C:\Users\pindupal\.m2\repository\javax\annotation\jsr250-api\1.0\jsr250-api-1.0.jar;C:\Users\pindupal\.m2\repository\javax\activation\activation\1.1\activation-1.1.jar;C:\Users\pindupal\.m2\repository\org\codehaus\jettison\jettison\1.0.1\jettison-1.0.1.jar;C:\Users\pindupal\.m2\repository\stax\stax-api\1.0.1\stax-api-1.0.1.jar;C:\Users\pindupal\.m2\repository\org\slf4j\slf4j-jdk14\1.7.25\slf4j-jdk14-1.7.25.jar;C:\Users\pindupal\.m2\repository\com\atlassian\event\atlassian-event\3.1.5\atlassian-event-3.1.5.jar;C:\Users\pindupal\.m2\repository\com\atlassian\fugue\fugue\2.6.1\fugue-2.6.1.jar;C:\Users\pindupal\.m2\repository\com\atlassian\sal\sal-api\3.1.0\sal-api-3.1.0.jar;C:\Users\pindupal\.m2\repository\org\springframework\spring-context\3.1.1.RELEASE\spring-context-3.1.1.RELEASE.jar;C:\Users\pindupal\.m2\repository\org\springframework\spring-aop\3.1.1.RELEASE\spring-aop-3.1.1.RELEASE.jar;C:\Users\pindupal\.m2\repository\aopalliance\aopalliance\1.0\aopalliance-1.0.jar;C:\Users\pindupal\.m2\repository\org\springframework\spring-beans\3.1.1.RELEASE\spring-beans-3.1.1.RELEASE.jar;C:\Users\pindupal\.m2\repository\org\springframework\spring-core\3.1.1.RELEASE\spring-core-3.1.1.RELEASE.jar;C:\Users\pindupal\.m2\repository\org\springframework\spring-expression\3.1.1.RELEASE\spring-expression-3.1.1.RELEASE.jar;C:\Users\pindupal\.m2\repository\org\springframework\spring-asm\3.1.1.RELEASE\spring-asm-3.1.1.RELEASE.jar;C:\Users\pindupal\.m2\repository\org\apache\httpcomponents\httpcore-nio\4.2.2\httpcore-nio-4.2.2.jar;C:\Users\pindupal\.m2\repository\org\apache\httpcomponents\httpasyncclient-cache\4.0-beta3-atlassian-1\httpasyncclient-cache-4.0-beta3-atlassian-1.jar;C:\Users\pindupal\.m2\repository\org\apache\httpcomponents\httpasyncclient\4.0-beta3-atlassian-1\httpasyncclient-4.0-beta3-atlassian-1.jar;C:\Users\pindupal\.m2\repository\org\apache\httpcomponents\httpclient-cache\4.2.1-atlassian-2\httpclient-cache-4.2.1-atlassian-2.jar;C:\Users\pindupal\.m2\repository\org\apache\httpcomponents\httpclient\4.2.1-atlassian-2\httpclient-4.2.1-atlassian-2.jar;C:\Users\pindupal\.m2\repository\com\atlassian\httpclient\atlassian-httpclient-spi\0.17.0-m01\atlassian-httpclient-spi-0.17.0-m01.jar;C:\Users\pindupal\.m2\repository\org\slf4j\slf4j-api\1.5.8\slf4j-api-1.5.8.jar;C:\Users\pindupal\.m2\repository\org\apache\httpcomponents\httpmime\4.1.2\httpmime-4.1.2.jar;C:\Users\pindupal\.m2\repository\joda-time\joda-time\1.6\joda-time-1.6.jar;C:\Users\pindupal\.m2\repository\commons-codec\commons-codec\1.6\commons-codec-1.6.jar;C:\Users\pindupal\.m2\repository\com\googlecode\json-simple\json-simple\1.1.1\json-simple-1.1.1.jar;C:\Users\pindupal\.m2\repository\org\apache\poi\poi-ooxml\3.17\poi-ooxml-3.17.jar;C:\Users\pindupal\.m2\repository\org\apache\poi\poi\3.17\poi-3.17.jar;C:\Users\pindupal\.m2\repository\org\apache\commons\commons-collections4\4.1\commons-collections4-4.1.jar;C:\Users\pindupal\.m2\repository\org\apache\poi\poi-ooxml-schemas\3.17\poi-ooxml-schemas-3.17.jar;C:\Users\pindupal\.m2\repository\com\github\virtuald\curvesapi\1.04\curvesapi-1.04.jar;C:\Users\pindupal\.m2\repository\org\apache\axis2\axis2-kernel\1.7.7\axis2-kernel-1.7.7.jar;C:\Users\pindupal\.m2\repository\org\apache\ws\commons\axiom\axiom-api\1.2.20\axiom-api-1.2.20.jar;C:\Users\pindupal\.m2\repository\org\apache\geronimo\specs\geronimo-activation_1.1_spec\1.1\geronimo-activation_1.1_spec-1.1.jar;C:\Users\pindupal\.m2\repository\jaxen\jaxen\1.1.6\jaxen-1.1.6.jar;C:\Users\pindupal\.m2\repository\org\apache\geronimo\specs\geronimo-stax-api_1.0_spec\1.0.1\geronimo-stax-api_1.0_spec-1.0.1.jar;C:\Users\pindupal\.m2\repository\org\apache\james\apache-mime4j-core\0.7.2\apache-mime4j-core-0.7.2.jar;C:\Users\pindupal\.m2\repository\org\apache\ws\commons\axiom\axiom-impl\1.2.20\axiom-impl-1.2.20.jar;C:\Users\pindupal\.m2\repository\org\codehaus\woodstox\woodstox-core-asl\4.2.0\woodstox-core-asl-4.2.0.jar;C:\Users\pindupal\.m2\repository\org\codehaus\woodstox\stax2-api\3.1.1\stax2-api-3.1.1.jar;C:\Users\pindupal\.m2\repository\org\apache\geronimo\specs\geronimo-ws-metadata_2.0_spec\1.1.2\geronimo-ws-metadata_2.0_spec-1.1.2.jar;C:\Users\pindupal\.m2\repository\org\apache\geronimo\specs\geronimo-jta_1.1_spec\1.1\geronimo-jta_1.1_spec-1.1.jar;C:\Users\pindupal\.m2\repository\javax\servlet\servlet-api\2.3\servlet-api-2.3.jar;C:\Users\pindupal\.m2\repository\commons-fileupload\commons-fileupload\1.3.3\commons-fileupload-1.3.3.jar;C:\Users\pindupal\.m2\repository\wsdl4j\wsdl4j\1.6.2\wsdl4j-1.6.2.jar;C:\Users\pindupal\.m2\repository\org\apache\ws\xmlschema\xmlschema-core\2.2.1\xmlschema-core-2.2.1.jar;C:\Users\pindupal\.m2\repository\org\apache\neethi\neethi\3.0.3\neethi-3.0.3.jar;C:\Users\pindupal\.m2\repository\org\apache\woden\woden-core\1.0M10\woden-core-1.0M10.jar;C:\Users\pindupal\.m2\repository\javax\ws\rs\jsr311-api\1.1.1\jsr311-api-1.1.1.jar;C:\Users\pindupal\.m2\repository\org\apache\axis2\axis2-xmlbeans\1.7.7\axis2-xmlbeans-1.7.7.jar;C:\Users\pindupal\.m2\repository\org\apache\axis2\axis2-codegen\1.7.7\axis2-codegen-1.7.7.jar;C:\Users\pindupal\.m2\repository\org\apache\axis2\axis2-adb\1.7.7\axis2-adb-1.7.7.jar;C:\Users\pindupal\.m2\repository\org\apache\ws\commons\axiom\axiom-dom\1.2.20\axiom-dom-1.2.20.jar;C:\Users\pindupal\.m2\repository\com\sun\xml\ws\jaxws-tools\2.2.6\jaxws-tools-2.2.6.jar;C:\Users\pindupal\.m2\repository\org\apache\xmlbeans\xmlbeans\2.5.0\xmlbeans-2.5.0.jar;"/>
    <property name="java.vm.vendor" value="Oracle Corporation"/>
    <property name="sun.arch.data.model" value="64"/>
    <property name="user.variant" value=""/>
    <property name="java.vendor.url" value="http://java.oracle.com/"/>
    <property name="user.timezone" value=""/>
    <property name="java.vm.specification.version" value="1.8"/>
    <property name="os.name" value="Windows 7"/>
    <property name="user.country" value="US"/>
    <property name="sun.java.launcher" value="SUN_STANDARD"/>
    <property name="sun.boot.library.path" value="C:\Program Files\Java\jdk1.8.0_131\jre\bin"/>
    <property name="sun.java.command" value="C:\Users\pindupal\AppData\Local\Temp\surefire7597780254566676896\surefirebooter4751126788164990601.jar C:\Users\pindupal\AppData\Local\Temp\surefire7597780254566676896 2018-04-03T20-48-11_879-jvmRun1 surefire6451319265348819486tmp surefire_06596165819205112592tmp"/>
    <property name="surefire.test.class.path" value="D:\Selenium\DLGAutomationFramework\target\test-classes;D:\Selenium\DLGAutomationFramework\target\Automation_Framework-0.0.1-SNAPSHOT.jar;C:\Users\pindupal\.m2\repository\commons-io\commons-io\2.4\commons-io-2.4.jar;C:\Users\pindupal\.m2\repository\com\beust\jcommander\1.72\jcommander-1.72.jar;C:\Users\pindupal\.m2\repository\org\beanshell\bsh\2.0b4\bsh-2.0b4.jar;C:\Users\pindupal\.m2\repository\info\cukes\cucumber-java\1.2.5\cucumber-java-1.2.5.jar;C:\Users\pindupal\.m2\repository\info\cukes\cucumber-core\1.2.5\cucumber-core-1.2.5.jar;C:\Users\pindupal\.m2\repository\info\cukes\cucumber-html\0.2.3\cucumber-html-0.2.3.jar;C:\Users\pindupal\.m2\repository\info\cukes\cucumber-jvm-deps\1.0.5\cucumber-jvm-deps-1.0.5.jar;C:\Users\pindupal\.m2\repository\info\cukes\gherkin\2.12.2\gherkin-2.12.2.jar;C:\Users\pindupal\.m2\repository\io\cucumber\cucumber-picocontainer\2.3.1\cucumber-picocontainer-2.3.1.jar;C:\Users\pindupal\.m2\repository\io\cucumber\cucumber-java\2.3.1\cucumber-java-2.3.1.jar;C:\Users\pindupal\.m2\repository\io\cucumber\cucumber-core\2.3.1\cucumber-core-2.3.1.jar;C:\Users\pindupal\.m2\repository\io\cucumber\tag-expressions\1.1.1\tag-expressions-1.1.1.jar;C:\Users\pindupal\.m2\repository\io\cucumber\cucumber-jvm-deps\1.0.6\cucumber-jvm-deps-1.0.6.jar;C:\Users\pindupal\.m2\repository\io\cucumber\gherkin\5.0.0\gherkin-5.0.0.jar;C:\Users\pindupal\.m2\repository\org\picocontainer\picocontainer\2.15\picocontainer-2.15.jar;C:\Users\pindupal\.m2\repository\com\google\guava\guava\24.0-jre\guava-24.0-jre.jar;C:\Users\pindupal\.m2\repository\com\google\code\findbugs\jsr305\1.3.9\jsr305-1.3.9.jar;C:\Users\pindupal\.m2\repository\org\checkerframework\checker-compat-qual\2.0.0\checker-compat-qual-2.0.0.jar;C:\Users\pindupal\.m2\repository\com\google\errorprone\error_prone_annotations\2.1.3\error_prone_annotations-2.1.3.jar;C:\Users\pindupal\.m2\repository\com\google\j2objc\j2objc-annotations\1.1\j2objc-annotations-1.1.jar;C:\Users\pindupal\.m2\repository\org\codehaus\mojo\animal-sniffer-annotations\1.14\animal-sniffer-annotations-1.14.jar;C:\Users\pindupal\.m2\repository\org\seleniumhq\selenium\selenium-java\3.9.1\selenium-java-3.9.1.jar;C:\Users\pindupal\.m2\repository\org\seleniumhq\selenium\selenium-api\3.9.1\selenium-api-3.9.1.jar;C:\Users\pindupal\.m2\repository\org\seleniumhq\selenium\selenium-chrome-driver\3.9.1\selenium-chrome-driver-3.9.1.jar;C:\Users\pindupal\.m2\repository\org\seleniumhq\selenium\selenium-edge-driver\3.9.1\selenium-edge-driver-3.9.1.jar;C:\Users\pindupal\.m2\repository\org\seleniumhq\selenium\selenium-firefox-driver\3.9.1\selenium-firefox-driver-3.9.1.jar;C:\Users\pindupal\.m2\repository\org\seleniumhq\selenium\selenium-ie-driver\3.9.1\selenium-ie-driver-3.9.1.jar;C:\Users\pindupal\.m2\repository\org\seleniumhq\selenium\selenium-opera-driver\3.9.1\selenium-opera-driver-3.9.1.jar;C:\Users\pindupal\.m2\repository\org\seleniumhq\selenium\selenium-remote-driver\3.9.1\selenium-remote-driver-3.9.1.jar;C:\Users\pindupal\.m2\repository\org\seleniumhq\selenium\selenium-safari-driver\3.9.1\selenium-safari-driver-3.9.1.jar;C:\Users\pindupal\.m2\repository\org\seleniumhq\selenium\selenium-support\3.9.1\selenium-support-3.9.1.jar;C:\Users\pindupal\.m2\repository\net\bytebuddy\byte-buddy\1.7.9\byte-buddy-1.7.9.jar;C:\Users\pindupal\.m2\repository\org\apache\commons\commons-exec\1.3\commons-exec-1.3.jar;C:\Users\pindupal\.m2\repository\commons-logging\commons-logging\1.2\commons-logging-1.2.jar;C:\Users\pindupal\.m2\repository\com\google\code\gson\gson\2.8.2\gson-2.8.2.jar;C:\Users\pindupal\.m2\repository\org\apache\httpcomponents\httpcore\4.4.6\httpcore-4.4.6.jar;C:\Users\pindupal\.m2\repository\com\squareup\okhttp3\okhttp\3.9.1\okhttp-3.9.1.jar;C:\Users\pindupal\.m2\repository\com\squareup\okio\okio\1.13.0\okio-1.13.0.jar;C:\Users\pindupal\.m2\repository\org\seleniumhq\selenium\selenium-server\3.9.1\selenium-server-3.9.1.jar;C:\Users\pindupal\.m2\repository\org\apache\commons\commons-lang3\3.7\commons-lang3-3.7.jar;C:\Users\pindupal\.m2\repository\org\apache\commons\commons-text\1.1\commons-text-1.1.jar;C:\Users\pindupal\.m2\repository\commons-net\commons-net\3.6\commons-net-3.6.jar;C:\Users\pindupal\.m2\repository\org\w3c\css\sac\1.3\sac-1.3.jar;C:\Users\pindupal\.m2\repository\net\sourceforge\cssparser\cssparser\0.9.24\cssparser-0.9.24.jar;C:\Users\pindupal\.m2\repository\net\sourceforge\htmlunit\htmlunit\2.29\htmlunit-2.29.jar;C:\Users\pindupal\.m2\repository\net\sourceforge\htmlunit\htmlunit-core-js\2.28\htmlunit-core-js-2.28.jar;C:\Users\pindupal\.m2\repository\net\sourceforge\htmlunit\neko-htmlunit\2.28\neko-htmlunit-2.28.jar;C:\Users\pindupal\.m2\repository\net\jcip\jcip-annotations\1.0\jcip-annotations-1.0.jar;C:\Users\pindupal\.m2\repository\org\seleniumhq\selenium\jetty-repacked\9.4.7.v20171121\jetty-repacked-9.4.7.v20171121.jar;C:\Users\pindupal\.m2\repository\org\eclipse\jetty\jetty-client\9.4.7.v20170914\jetty-client-9.4.7.v20170914.jar;C:\Users\pindupal\.m2\repository\org\eclipse\jetty\jetty-http\9.4.8.v20171121\jetty-http-9.4.8.v20171121.jar;C:\Users\pindupal\.m2\repository\org\eclipse\jetty\jetty-io\9.4.8.v20171121\jetty-io-9.4.8.v20171121.jar;C:\Users\pindupal\.m2\repository\org\eclipse\jetty\jetty-util\9.4.8.v20171121\jetty-util-9.4.8.v20171121.jar;C:\Users\pindupal\.m2\repository\org\eclipse\jetty\jetty-xml\9.4.7.v20170914\jetty-xml-9.4.7.v20170914.jar;C:\Users\pindupal\.m2\repository\org\seleniumhq\selenium\htmlunit-driver\2.29.0\htmlunit-driver-2.29.0.jar;C:\Users\pindupal\.m2\repository\javax\servlet\javax.servlet-api\3.1.0\javax.servlet-api-3.1.0.jar;C:\Users\pindupal\.m2\repository\org\eclipse\jetty\websocket\websocket-api\9.4.7.v20170914\websocket-api-9.4.7.v20170914.jar;C:\Users\pindupal\.m2\repository\org\eclipse\jetty\websocket\websocket-client\9.4.7.v20170914\websocket-client-9.4.7.v20170914.jar;C:\Users\pindupal\.m2\repository\org\eclipse\jetty\websocket\websocket-common\9.4.7.v20170914\websocket-common-9.4.7.v20170914.jar;C:\Users\pindupal\.m2\repository\xalan\serializer\2.7.2\serializer-2.7.2.jar;C:\Users\pindupal\.m2\repository\xalan\xalan\2.7.2\xalan-2.7.2.jar;C:\Users\pindupal\.m2\repository\xerces\xercesImpl\2.11.0\xercesImpl-2.11.0.jar;C:\Users\pindupal\.m2\repository\xml-apis\xml-apis\1.4.01\xml-apis-1.4.01.jar;C:\Users\pindupal\.m2\repository\org\yaml\snakeyaml\1.19\snakeyaml-1.19.jar;C:\Users\pindupal\.m2\repository\junit\junit\4.12\junit-4.12.jar;C:\Users\pindupal\.m2\repository\org\hamcrest\hamcrest-core\1.3\hamcrest-core-1.3.jar;C:\Users\pindupal\.m2\repository\info\cukes\cucumber-junit\1.2.5\cucumber-junit-1.2.5.jar;C:\Users\pindupal\.m2\repository\javax\ws\rs\javax.ws.rs-api\2.1\javax.ws.rs-api-2.1.jar;C:\Users\pindupal\.m2\repository\org\glassfish\jersey\core\jersey-common\2.26\jersey-common-2.26.jar;C:\Users\pindupal\.m2\repository\javax\annotation\javax.annotation-api\1.2\javax.annotation-api-1.2.jar;C:\Users\pindupal\.m2\repository\org\glassfish\hk2\external\javax.inject\2.5.0-b42\javax.inject-2.5.0-b42.jar;C:\Users\pindupal\.m2\repository\org\glassfish\hk2\osgi-resource-locator\1.0.1\osgi-resource-locator-1.0.1.jar;C:\Users\pindupal\.m2\repository\org\glassfish\hk2\hk2-api\2.5.0-b61\hk2-api-2.5.0-b61.jar;C:\Users\pindupal\.m2\repository\javax\inject\javax.inject\1\javax.inject-1.jar;C:\Users\pindupal\.m2\repository\org\glassfish\hk2\hk2-utils\2.5.0-b61\hk2-utils-2.5.0-b61.jar;C:\Users\pindupal\.m2\repository\org\glassfish\hk2\external\aopalliance-repackaged\2.5.0-b61\aopalliance-repackaged-2.5.0-b61.jar;C:\Users\pindupal\.m2\repository\org\glassfish\jersey\bundles\repackaged\jersey-guava\2.26-b03\jersey-guava-2.26-b03.jar;C:\Users\pindupal\.m2\repository\org\eclipse\swt-win32-win32-x86\3.5.2\swt-win32-win32-x86-3.5.2.jar;C:\Users\pindupal\.m2\repository\org\jboss\resteasy\resteasy-client\3.0.2.Final\resteasy-client-3.0.2.Final.jar;C:\Users\pindupal\.m2\repository\org\jboss\resteasy\resteasy-jaxrs\3.0.2.Final\resteasy-jaxrs-3.0.2.Final.jar;C:\Users\pindupal\.m2\repository\org\jboss\resteasy\jaxrs-api\3.0.2.Final\jaxrs-api-3.0.2.Final.jar;C:\Users\pindupal\.m2\repository\org\slf4j\slf4j-simple\1.5.8\slf4j-simple-1.5.8.jar;C:\Users\pindupal\.m2\repository\org\scannotation\scannotation\1.0.3\scannotation-1.0.3.jar;C:\Users\pindupal\.m2\repository\javassist\javassist\3.12.1.GA\javassist-3.12.1.GA.jar;C:\Users\pindupal\.m2\repository\javax\annotation\jsr250-api\1.0\jsr250-api-1.0.jar;C:\Users\pindupal\.m2\repository\javax\activation\activation\1.1\activation-1.1.jar;C:\Users\pindupal\.m2\repository\org\codehaus\jettison\jettison\1.0.1\jettison-1.0.1.jar;C:\Users\pindupal\.m2\repository\stax\stax-api\1.0.1\stax-api-1.0.1.jar;C:\Users\pindupal\.m2\repository\org\slf4j\slf4j-jdk14\1.7.25\slf4j-jdk14-1.7.25.jar;C:\Users\pindupal\.m2\repository\com\atlassian\event\atlassian-event\3.1.5\atlassian-event-3.1.5.jar;C:\Users\pindupal\.m2\repository\com\atlassian\fugue\fugue\2.6.1\fugue-2.6.1.jar;C:\Users\pindupal\.m2\repository\com\atlassian\sal\sal-api\3.1.0\sal-api-3.1.0.jar;C:\Users\pindupal\.m2\repository\org\springframework\spring-context\3.1.1.RELEASE\spring-context-3.1.1.RELEASE.jar;C:\Users\pindupal\.m2\repository\org\springframework\spring-aop\3.1.1.RELEASE\spring-aop-3.1.1.RELEASE.jar;C:\Users\pindupal\.m2\repository\aopalliance\aopalliance\1.0\aopalliance-1.0.jar;C:\Users\pindupal\.m2\repository\org\springframework\spring-beans\3.1.1.RELEASE\spring-beans-3.1.1.RELEASE.jar;C:\Users\pindupal\.m2\repository\org\springframework\spring-core\3.1.1.RELEASE\spring-core-3.1.1.RELEASE.jar;C:\Users\pindupal\.m2\repository\org\springframework\spring-expression\3.1.1.RELEASE\spring-expression-3.1.1.RELEASE.jar;C:\Users\pindupal\.m2\repository\org\springframework\spring-asm\3.1.1.RELEASE\spring-asm-3.1.1.RELEASE.jar;C:\Users\pindupal\.m2\repository\org\apache\httpcomponents\httpcore-nio\4.2.2\httpcore-nio-4.2.2.jar;C:\Users\pindupal\.m2\repository\org\apache\httpcomponents\httpasyncclient-cache\4.0-beta3-atlassian-1\httpasyncclient-cache-4.0-beta3-atlassian-1.jar;C:\Users\pindupal\.m2\repository\org\apache\httpcomponents\httpasyncclient\4.0-beta3-atlassian-1\httpasyncclient-4.0-beta3-atlassian-1.jar;C:\Users\pindupal\.m2\repository\org\apache\httpcomponents\httpclient-cache\4.2.1-atlassian-2\httpclient-cache-4.2.1-atlassian-2.jar;C:\Users\pindupal\.m2\repository\org\apache\httpcomponents\httpclient\4.2.1-atlassian-2\httpclient-4.2.1-atlassian-2.jar;C:\Users\pindupal\.m2\repository\com\atlassian\httpclient\atlassian-httpclient-spi\0.17.0-m01\atlassian-httpclient-spi-0.17.0-m01.jar;C:\Users\pindupal\.m2\repository\org\slf4j\slf4j-api\1.5.8\slf4j-api-1.5.8.jar;C:\Users\pindupal\.m2\repository\org\apache\httpcomponents\httpmime\4.1.2\httpmime-4.1.2.jar;C:\Users\pindupal\.m2\repository\joda-time\joda-time\1.6\joda-time-1.6.jar;C:\Users\pindupal\.m2\repository\commons-codec\commons-codec\1.6\commons-codec-1.6.jar;C:\Users\pindupal\.m2\repository\com\googlecode\json-simple\json-simple\1.1.1\json-simple-1.1.1.jar;C:\Users\pindupal\.m2\repository\org\apache\poi\poi-ooxml\3.17\poi-ooxml-3.17.jar;C:\Users\pindupal\.m2\repository\org\apache\poi\poi\3.17\poi-3.17.jar;C:\Users\pindupal\.m2\repository\org\apache\commons\commons-collections4\4.1\commons-collections4-4.1.jar;C:\Users\pindupal\.m2\repository\org\apache\poi\poi-ooxml-schemas\3.17\poi-ooxml-schemas-3.17.jar;C:\Users\pindupal\.m2\repository\com\github\virtuald\curvesapi\1.04\curvesapi-1.04.jar;C:\Users\pindupal\.m2\repository\org\apache\axis2\axis2-kernel\1.7.7\axis2-kernel-1.7.7.jar;C:\Users\pindupal\.m2\repository\org\apache\ws\commons\axiom\axiom-api\1.2.20\axiom-api-1.2.20.jar;C:\Users\pindupal\.m2\repository\org\apache\geronimo\specs\geronimo-activation_1.1_spec\1.1\geronimo-activation_1.1_spec-1.1.jar;C:\Users\pindupal\.m2\repository\jaxen\jaxen\1.1.6\jaxen-1.1.6.jar;C:\Users\pindupal\.m2\repository\org\apache\geronimo\specs\geronimo-stax-api_1.0_spec\1.0.1\geronimo-stax-api_1.0_spec-1.0.1.jar;C:\Users\pindupal\.m2\repository\org\apache\james\apache-mime4j-core\0.7.2\apache-mime4j-core-0.7.2.jar;C:\Users\pindupal\.m2\repository\org\apache\ws\commons\axiom\axiom-impl\1.2.20\axiom-impl-1.2.20.jar;C:\Users\pindupal\.m2\repository\org\codehaus\woodstox\woodstox-core-asl\4.2.0\woodstox-core-asl-4.2.0.jar;C:\Users\pindupal\.m2\repository\org\codehaus\woodstox\stax2-api\3.1.1\stax2-api-3.1.1.jar;C:\Users\pindupal\.m2\repository\org\apache\geronimo\specs\geronimo-ws-metadata_2.0_spec\1.1.2\geronimo-ws-metadata_2.0_spec-1.1.2.jar;C:\Users\pindupal\.m2\repository\org\apache\geronimo\specs\geronimo-jta_1.1_spec\1.1\geronimo-jta_1.1_spec-1.1.jar;C:\Users\pindupal\.m2\repository\javax\servlet\servlet-api\2.3\servlet-api-2.3.jar;C:\Users\pindupal\.m2\repository\commons-fileupload\commons-fileupload\1.3.3\commons-fileupload-1.3.3.jar;C:\Users\pindupal\.m2\repository\wsdl4j\wsdl4j\1.6.2\wsdl4j-1.6.2.jar;C:\Users\pindupal\.m2\repository\org\apache\ws\xmlschema\xmlschema-core\2.2.1\xmlschema-core-2.2.1.jar;C:\Users\pindupal\.m2\repository\org\apache\neethi\neethi\3.0.3\neethi-3.0.3.jar;C:\Users\pindupal\.m2\repository\org\apache\woden\woden-core\1.0M10\woden-core-1.0M10.jar;C:\Users\pindupal\.m2\repository\javax\ws\rs\jsr311-api\1.1.1\jsr311-api-1.1.1.jar;C:\Users\pindupal\.m2\repository\org\apache\axis2\axis2-xmlbeans\1.7.7\axis2-xmlbeans-1.7.7.jar;C:\Users\pindupal\.m2\repository\org\apache\axis2\axis2-codegen\1.7.7\axis2-codegen-1.7.7.jar;C:\Users\pindupal\.m2\repository\org\apache\axis2\axis2-adb\1.7.7\axis2-adb-1.7.7.jar;C:\Users\pindupal\.m2\repository\org\apache\ws\commons\axiom\axiom-dom\1.2.20\axiom-dom-1.2.20.jar;C:\Users\pindupal\.m2\repository\com\sun\xml\ws\jaxws-tools\2.2.6\jaxws-tools-2.2.6.jar;C:\Users\pindupal\.m2\repository\org\apache\xmlbeans\xmlbeans\2.5.0\xmlbeans-2.5.0.jar;"/>
    <property name="sun.cpu.endian" value="little"/>
    <property name="user.home" value="C:\Users\pindupal"/>
    <property name="user.language" value="en"/>
    <property name="java.specification.vendor" value="Oracle Corporation"/>
    <property name="java.home" value="C:\Program Files\Java\jdk1.8.0_131\jre"/>
    <property name="basedir" value="D:\Selenium\DLGAutomationFramework"/>
    <property name="file.separator" value="\"/>
    <property name="line.separator" value="&#10;"/>
    <property name="java.vm.specification.vendor" value="Oracle Corporation"/>
    <property name="java.specification.name" value="Java Platform API Specification"/>
    <property name="java.awt.graphicsenv" value="sun.awt.Win32GraphicsEnvironment"/>
    <property name="surefire.real.class.path" value="C:\Users\pindupal\AppData\Local\Temp\surefire7597780254566676896\surefirebooter4751126788164990601.jar"/>
    <property name="sun.boot.class.path" value="C:\Program Files\Java\jdk1.8.0_131\jre\lib\resources.jar;C:\Program Files\Java\jdk1.8.0_131\jre\lib\rt.jar;C:\Program Files\Java\jdk1.8.0_131\jre\lib\sunrsasign.jar;C:\Program Files\Java\jdk1.8.0_131\jre\lib\jsse.jar;C:\Program Files\Java\jdk1.8.0_131\jre\lib\jce.jar;C:\Program Files\Java\jdk1.8.0_131\jre\lib\charsets.jar;C:\Program Files\Java\jdk1.8.0_131\jre\lib\jfr.jar;C:\Program Files\Java\jdk1.8.0_131\jre\classes"/>
    <property name="user.script" value=""/>
    <property name="sun.management.compiler" value="HotSpot 64-Bit Tiered Compilers"/>
    <property name="java.runtime.version" value="1.8.0_131-b11"/>
    <property name="user.name" value="pindupal"/>
    <property name="path.separator" value=";"/>
    <property name="os.version" value="6.1"/>
    <property name="java.endorsed.dirs" value="C:\Program Files\Java\jdk1.8.0_131\jre\lib\endorsed"/>
    <property name="java.runtime.name" value="Java(TM) SE Runtime Environment"/>
    <property name="file.encoding" value="Cp1252"/>
    <property name="java.vm.name" value="Java HotSpot(TM) 64-Bit Server VM"/>
    <property name="localRepository" value="C:\Users\pindupal\.m2\repository"/>
    <property name="java.vendor.url.bug" value="http://bugreport.sun.com/bugreport/"/>
    <property name="java.io.tmpdir" value="C:\Users\pindupal\AppData\Local\Temp\"/>
    <property name="java.version" value="1.8.0_131"/>
    <property name="user.dir" value="D:\Selenium\DLGAutomationFramework"/>
    <property name="os.arch" value="amd64"/>
    <property name="java.vm.specification.name" value="Java Virtual Machine Specification"/>
    <property name="java.awt.printerjob" value="sun.awt.windows.WPrinterJob"/>
    <property name="sun.os.patch.level" value="Service Pack 1"/>
    <property name="java.library.path" value="C:\Program Files\Java\jdk1.8.0_131\jre\bin;C:\WINDOWS\Sun\Java\bin;C:\WINDOWS\system32;C:\WINDOWS;C:/Program Files/Java/jre1.8.0_131/bin/server;C:/Program Files/Java/jre1.8.0_131/bin;C:/Program Files/Java/jre1.8.0_131/lib/amd64;C:\ProgramData\Oracle\Java\javapath;C:\WINDOWS\system32;C:\WINDOWS;C:\WINDOWS\System32\Wbem;C:\WINDOWS\System32\WindowsPowerShell\v1.0\;C:\Program Files (x86)\QuickTime\QTSystem\;C:\Program Files\CapgeminiScripts\Support Tools\;C:\Program Files (x86)\Common Files\Lenovo;C:\WINDOWS\System32\WindowsPowerShell\v1.0\;C:\Program Files\MySQL\MySQL Utilities 1.6\;C:\Program Files\Git\cmd;C:\Program Files\Java\jdk1.8.0_131\bin;C:\Maven\bin;C:\Program Files\Docker Toolbox;D:\Utilities\eclipse;;."/>
    <property name="java.vm.info" value="mixed mode"/>
    <property name="java.vendor" value="Oracle Corporation"/>
    <property name="java.vm.version" value="25.131-b11"/>
    <property name="java.ext.dirs" value="C:\Program Files\Java\jdk1.8.0_131\jre\lib\ext;C:\WINDOWS\Sun\Java\lib\ext"/>
    <property name="sun.io.unicode.encoding" value="UnicodeLittle"/>
    <property name="java.class.version" value="52.0"/>
  </properties>
  <testcase name="test" classname="com.dlg.runner.XPostExecution" time="0"/>
</testsuite>