<?xml version="1.0" encoding="UTF-8"?>
<testsuite xmlns:xsi="http://www.w3.org/2001/XMLSchema-instance" xsi:noNamespaceSchemaLocation="https://maven.apache.org/surefire/maven-failsafe-plugin/xsd/failsafe-test-report.xsd" name="com.dlg.runner.RunnerClass" time="7.836" tests="4" errors="0" skipped="0" failures="0">
  <properties>
    <property name="sun.desktop" value="windows"/>
    <property name="awt.toolkit" value="sun.awt.windows.WToolkit"/>
    <property name="file.encoding.pkg" value="sun.io"/>
    <property name="java.specification.version" value="1.8"/>
    <property name="sun.cpu.isalist" value="amd64"/>
    <property name="sun.jnu.encoding" value="Cp1252"/>
    <property name="java.class.path" value="C:\Work_Data\Selenium\DLGAutomationFramework\target\test-classes;C:\Work_Data\Selenium\DLGAutomationFramework\target\Automation_Framework-0.0.1-SNAPSHOT.jar;C:\Users\pindupal\.m2\repository\commons-io\commons-io\2.5\commons-io-2.5.jar;C:\Users\pindupal\.m2\repository\com\beust\jcommander\1.72\jcommander-1.72.jar;C:\Users\pindupal\.m2\repository\org\beanshell\bsh\2.0b5\bsh-2.0b5.jar;C:\Users\pindupal\.m2\repository\info\cukes\cucumber-java\1.2.5\cucumber-java-1.2.5.jar;C:\Users\pindupal\.m2\repository\info\cukes\cucumber-core\1.2.5\cucumber-core-1.2.5.jar;C:\Users\pindupal\.m2\repository\info\cukes\cucumber-html\0.2.3\cucumber-html-0.2.3.jar;C:\Users\pindupal\.m2\repository\info\cukes\cucumber-jvm-deps\1.0.5\cucumber-jvm-deps-1.0.5.jar;C:\Users\pindupal\.m2\repository\info\cukes\gherkin\2.12.2\gherkin-2.12.2.jar;C:\Users\pindupal\.m2\repository\info\cukes\cucumber-picocontainer\1.2.5\cucumber-picocontainer-1.2.5.jar;C:\Users\pindupal\.m2\repository\org\picocontainer\picocontainer\2.15\picocontainer-2.15.jar;C:\Users\pindupal\.m2\repository\org\seleniumhq\selenium\selenium-java\3.11.0\selenium-java-3.11.0.jar;C:\Users\pindupal\.m2\repository\org\seleniumhq\selenium\selenium-api\3.11.0\selenium-api-3.11.0.jar;C:\Users\pindupal\.m2\repository\org\seleniumhq\selenium\selenium-chrome-driver\3.11.0\selenium-chrome-driver-3.11.0.jar;C:\Users\pindupal\.m2\repository\org\seleniumhq\selenium\selenium-edge-driver\3.11.0\selenium-edge-driver-3.11.0.jar;C:\Users\pindupal\.m2\repository\org\seleniumhq\selenium\selenium-firefox-driver\3.11.0\selenium-firefox-driver-3.11.0.jar;C:\Users\pindupal\.m2\repository\org\seleniumhq\selenium\selenium-ie-driver\3.11.0\selenium-ie-driver-3.11.0.jar;C:\Users\pindupal\.m2\repository\org\seleniumhq\selenium\selenium-opera-driver\3.11.0\selenium-opera-driver-3.11.0.jar;C:\Users\pindupal\.m2\repository\org\seleniumhq\selenium\selenium-remote-driver\3.11.0\selenium-remote-driver-3.11.0.jar;C:\Users\pindupal\.m2\repository\org\seleniumhq\selenium\selenium-safari-driver\3.11.0\selenium-safari-driver-3.11.0.jar;C:\Users\pindupal\.m2\repository\org\seleniumhq\selenium\selenium-support\3.11.0\selenium-support-3.11.0.jar;C:\Users\pindupal\.m2\repository\org\apache\commons\commons-exec\1.3\commons-exec-1.3.jar;C:\Users\pindupal\.m2\repository\com\google\code\gson\gson\2.8.2\gson-2.8.2.jar;C:\Users\pindupal\.m2\repository\com\squareup\okhttp3\okhttp\3.9.1\okhttp-3.9.1.jar;C:\Users\pindupal\.m2\repository\com\squareup\okio\okio\1.13.0\okio-1.13.0.jar;C:\Users\pindupal\.m2\repository\junit\junit\4.12\junit-4.12.jar;C:\Users\pindupal\.m2\repository\org\hamcrest\hamcrest-core\1.3\hamcrest-core-1.3.jar;C:\Users\pindupal\.m2\repository\info\cukes\cucumber-junit\1.2.5\cucumber-junit-1.2.5.jar;C:\Users\pindupal\.m2\repository\javax\ws\rs\javax.ws.rs-api\2.1\javax.ws.rs-api-2.1.jar;C:\Users\pindupal\.m2\repository\org\glassfish\jersey\core\jersey-common\2.26\jersey-common-2.26.jar;C:\Users\pindupal\.m2\repository\javax\annotation\javax.annotation-api\1.2\javax.annotation-api-1.2.jar;C:\Users\pindupal\.m2\repository\org\glassfish\hk2\external\javax.inject\2.5.0-b42\javax.inject-2.5.0-b42.jar;C:\Users\pindupal\.m2\repository\org\glassfish\hk2\osgi-resource-locator\1.0.1\osgi-resource-locator-1.0.1.jar;C:\Users\pindupal\.m2\repository\org\glassfish\hk2\hk2-api\2.5.0-b61\hk2-api-2.5.0-b61.jar;C:\Users\pindupal\.m2\repository\javax\inject\javax.inject\1\javax.inject-1.jar;C:\Users\pindupal\.m2\repository\org\glassfish\hk2\hk2-utils\2.5.0-b61\hk2-utils-2.5.0-b61.jar;C:\Users\pindupal\.m2\repository\org\glassfish\hk2\external\aopalliance-repackaged\2.5.0-b61\aopalliance-repackaged-2.5.0-b61.jar;C:\Users\pindupal\.m2\repository\org\glassfish\jersey\bundles\repackaged\jersey-guava\2.26-b03\jersey-guava-2.26-b03.jar;C:\Users\pindupal\.m2\repository\org\eclipse\swt-win32-win32-x86\3.5.2\swt-win32-win32-x86-3.5.2.jar;C:\Users\pindupal\.m2\repository\org\jboss\resteasy\resteasy-client\3.0.2.Final\resteasy-client-3.0.2.Final.jar;C:\Users\pindupal\.m2\repository\org\jboss\resteasy\resteasy-jaxrs\3.0.2.Final\resteasy-jaxrs-3.0.2.Final.jar;C:\Users\pindupal\.m2\repository\org\jboss\resteasy\jaxrs-api\3.0.2.Final\jaxrs-api-3.0.2.Final.jar;C:\Users\pindupal\.m2\repository\org\slf4j\slf4j-simple\1.5.8\slf4j-simple-1.5.8.jar;C:\Users\pindupal\.m2\repository\org\scannotation\scannotation\1.0.3\scannotation-1.0.3.jar;C:\Users\pindupal\.m2\repository\javassist\javassist\3.12.1.GA\javassist-3.12.1.GA.jar;C:\Users\pindupal\.m2\repository\javax\annotation\jsr250-api\1.0\jsr250-api-1.0.jar;C:\Users\pindupal\.m2\repository\net\jcip\jcip-annotations\1.0\jcip-annotations-1.0.jar;C:\Users\pindupal\.m2\repository\com\google\guava\guava\24.0-jre\guava-24.0-jre.jar;C:\Users\pindupal\.m2\repository\com\google\code\findbugs\jsr305\1.3.9\jsr305-1.3.9.jar;C:\Users\pindupal\.m2\repository\org\checkerframework\checker-compat-qual\2.0.0\checker-compat-qual-2.0.0.jar;C:\Users\pindupal\.m2\repository\com\google\errorprone\error_prone_annotations\2.1.3\error_prone_annotations-2.1.3.jar;C:\Users\pindupal\.m2\repository\com\google\j2objc\j2objc-annotations\1.1\j2objc-annotations-1.1.jar;C:\Users\pindupal\.m2\repository\org\codehaus\mojo\animal-sniffer-annotations\1.14\animal-sniffer-annotations-1.14.jar;C:\Users\pindupal\.m2\repository\org\slf4j\slf4j-jdk14\1.7.25\slf4j-jdk14-1.7.25.jar;C:\Users\pindupal\.m2\repository\com\atlassian\event\atlassian-event\3.1.5\atlassian-event-3.1.5.jar;C:\Users\pindupal\.m2\repository\com\atlassian\fugue\fugue\2.6.1\fugue-2.6.1.jar;C:\Users\pindupal\.m2\repository\com\atlassian\sal\sal-api\3.1.0\sal-api-3.1.0.jar;C:\Users\pindupal\.m2\repository\org\springframework\spring-context\3.1.1.RELEASE\spring-context-3.1.1.RELEASE.jar;C:\Users\pindupal\.m2\repository\org\springframework\spring-aop\3.1.1.RELEASE\spring-aop-3.1.1.RELEASE.jar;C:\Users\pindupal\.m2\repository\aopalliance\aopalliance\1.0\aopalliance-1.0.jar;C:\Users\pindupal\.m2\repository\org\springframework\spring-beans\3.1.1.RELEASE\spring-beans-3.1.1.RELEASE.jar;C:\Users\pindupal\.m2\repository\org\springframework\spring-core\3.1.1.RELEASE\spring-core-3.1.1.RELEASE.jar;C:\Users\pindupal\.m2\repository\org\springframework\spring-expression\3.1.1.RELEASE\spring-expression-3.1.1.RELEASE.jar;C:\Users\pindupal\.m2\repository\org\springframework\spring-asm\3.1.1.RELEASE\spring-asm-3.1.1.RELEASE.jar;C:\Users\pindupal\.m2\repository\org\apache\httpcomponents\httpcore-nio\4.2.2\httpcore-nio-4.2.2.jar;C:\Users\pindupal\.m2\repository\org\apache\httpcomponents\httpasyncclient-cache\4.0-beta3-atlassian-1\httpasyncclient-cache-4.0-beta3-atlassian-1.jar;C:\Users\pindupal\.m2\repository\org\apache\httpcomponents\httpasyncclient\4.0-beta3-atlassian-1\httpasyncclient-4.0-beta3-atlassian-1.jar;C:\Users\pindupal\.m2\repository\org\apache\httpcomponents\httpclient-cache\4.5.5\httpclient-cache-4.5.5.jar;C:\Users\pindupal\.m2\repository\org\apache\httpcomponents\httpclient\4.5.5\httpclient-4.5.5.jar;C:\Users\pindupal\.m2\repository\com\atlassian\httpclient\atlassian-httpclient-spi\0.17.0-m01\atlassian-httpclient-spi-0.17.0-m01.jar;C:\Users\pindupal\.m2\repository\org\slf4j\slf4j-api\1.5.8\slf4j-api-1.5.8.jar;C:\Users\pindupal\.m2\repository\org\apache\httpcomponents\httpmime\4.1.2\httpmime-4.1.2.jar;C:\Users\pindupal\.m2\repository\joda-time\joda-time\1.6\joda-time-1.6.jar;C:\Users\pindupal\.m2\repository\com\googlecode\json-simple\json-simple\1.1.1\json-simple-1.1.1.jar;C:\Users\pindupal\.m2\repository\org\apache\poi\poi-ooxml\3.17\poi-ooxml-3.17.jar;C:\Users\pindupal\.m2\repository\org\apache\poi\poi\3.17\poi-3.17.jar;C:\Users\pindupal\.m2\repository\org\apache\commons\commons-collections4\4.1\commons-collections4-4.1.jar;C:\Users\pindupal\.m2\repository\org\apache\poi\poi-ooxml-schemas\3.17\poi-ooxml-schemas-3.17.jar;C:\Users\pindupal\.m2\repository\com\github\virtuald\curvesapi\1.04\curvesapi-1.04.jar;C:\Users\pindupal\.m2\repository\org\apache\axis2\axis2-xmlbeans\1.7.7\axis2-xmlbeans-1.7.7.jar;C:\Users\pindupal\.m2\repository\org\apache\pdfbox\pdfbox\2.0.9\pdfbox-2.0.9.jar;C:\Users\pindupal\.m2\repository\org\apache\pdfbox\fontbox\2.0.9\fontbox-2.0.9.jar;C:\Users\pindupal\.m2\repository\javax\activation\activation\1.1\activation-1.1.jar;C:\Users\pindupal\.m2\repository\antlr\antlr\2.7.7\antlr-2.7.7.jar;C:\Users\pindupal\.m2\repository\org\apache\james\apache-mime4j-core\0.7.2\apache-mime4j-core-0.7.2.jar;C:\Users\pindupal\.m2\repository\org\apache\ws\commons\axiom\axiom-api\1.2.20\axiom-api-1.2.20.jar;C:\Users\pindupal\.m2\repository\org\apache\geronimo\specs\geronimo-activation_1.1_spec\1.1\geronimo-activation_1.1_spec-1.1.jar;C:\Users\pindupal\.m2\repository\org\apache\ws\commons\axiom\axiom-dom\1.2.20\axiom-dom-1.2.20.jar;C:\Users\pindupal\.m2\repository\org\apache\ws\commons\axiom\axiom-impl\1.2.20\axiom-impl-1.2.20.jar;C:\Users\pindupal\.m2\repository\org\apache\ws\commons\axiom\axiom-jaxb\1.2.20\axiom-jaxb-1.2.20.jar;C:\Users\pindupal\.m2\repository\org\apache\axis2\axis2-adb\1.7.7\axis2-adb-1.7.7.jar;C:\Users\pindupal\.m2\repository\org\apache\axis2\axis2-adb-codegen\1.7.7\axis2-adb-codegen-1.7.7.jar;C:\Users\pindupal\.m2\repository\org\apache\axis2\axis2-ant-plugin\1.7.7\axis2-ant-plugin-1.7.7.jar;C:\Users\pindupal\.m2\repository\org\apache\geronimo\specs\geronimo-javamail_1.4_spec\1.6\geronimo-javamail_1.4_spec-1.6.jar;C:\Users\pindupal\.m2\repository\org\apache\ant\ant\1.7.0\ant-1.7.0.jar;C:\Users\pindupal\.m2\repository\org\apache\ant\ant-launcher\1.7.0\ant-launcher-1.7.0.jar;C:\Users\pindupal\.m2\repository\org\apache\axis2\axis2-clustering\1.7.7\axis2-clustering-1.7.7.jar;C:\Users\pindupal\.m2\repository\org\apache\axis2\axis2-codegen\1.7.7\axis2-codegen-1.7.7.jar;C:\Users\pindupal\.m2\repository\com\sun\xml\ws\jaxws-tools\2.2.6\jaxws-tools-2.2.6.jar;C:\Users\pindupal\.m2\repository\org\apache\axis2\axis2-corba\1.7.7\axis2-corba-1.7.7.jar;C:\Users\pindupal\.m2\repository\org\apache\axis2\axis2-fastinfoset\1.7.7\axis2-fastinfoset-1.7.7.jar;C:\Users\pindupal\.m2\repository\com\sun\xml\fastinfoset\FastInfoset\1.2.7\FastInfoset-1.2.7.jar;C:\Users\pindupal\.m2\repository\org\apache\axis2\axis2-java2wsdl\1.7.7\axis2-java2wsdl-1.7.7.jar;C:\Users\pindupal\.m2\repository\org\apache\axis2\axis2-jaxbri\1.7.7\axis2-jaxbri-1.7.7.jar;C:\Users\pindupal\.m2\repository\org\apache\axis2\axis2-jaxws\1.7.7\axis2-jaxws-1.7.7.jar;C:\Users\pindupal\.m2\repository\org\apache\axis2\axis2-jibx\1.7.7\axis2-jibx-1.7.7.jar;C:\Users\pindupal\.m2\repository\org\apache\axis2\axis2-json\1.7.7\axis2-json-1.7.7.jar;C:\Users\pindupal\.m2\repository\org\apache\axis2\axis2-kernel\1.7.7\axis2-kernel-1.7.7.jar;C:\Users\pindupal\.m2\repository\javax\servlet\servlet-api\2.3\servlet-api-2.3.jar;C:\Users\pindupal\.m2\repository\org\apache\axis2\axis2-metadata\1.7.7\axis2-metadata-1.7.7.jar;C:\Users\pindupal\.m2\repository\org\apache\axis2\axis2-mtompolicy\1.7.7\axis2-mtompolicy-1.7.7.jar;C:\Users\pindupal\.m2\repository\org\apache\axis2\axis2-saaj\1.7.7\axis2-saaj-1.7.7.jar;C:\Users\pindupal\.m2\repository\org\apache\axis2\axis2-soapmonitor-servlet\1.7.7\axis2-soapmonitor-servlet-1.7.7.jar;C:\Users\pindupal\.m2\repository\org\apache\axis2\axis2-spring\1.7.7\axis2-spring-1.7.7.jar;C:\Users\pindupal\.m2\repository\org\springframework\spring-web\2.5.1\spring-web-2.5.1.jar;C:\Users\pindupal\.m2\repository\org\apache\axis2\axis2-transport-base\1.7.7\axis2-transport-base-1.7.7.jar;C:\Users\pindupal\.m2\repository\org\apache\axis2\axis2-transport-http\1.7.7\axis2-transport-http-1.7.7.jar;C:\Users\pindupal\.m2\repository\org\apache\axis2\axis2-transport-jms\1.7.7\axis2-transport-jms-1.7.7.jar;C:\Users\pindupal\.m2\repository\org\apache\geronimo\specs\geronimo-jms_1.1_spec\1.1\geronimo-jms_1.1_spec-1.1.jar;C:\Users\pindupal\.m2\repository\org\apache\geronimo\specs\geronimo-jta_1.0.1B_spec\1.0\geronimo-jta_1.0.1B_spec-1.0.jar;C:\Users\pindupal\.m2\repository\org\apache\axis2\axis2-transport-local\1.7.7\axis2-transport-local-1.7.7.jar;C:\Users\pindupal\.m2\repository\org\apache\axis2\axis2-transport-mail\1.7.7\axis2-transport-mail-1.7.7.jar;C:\Users\pindupal\.m2\repository\org\apache\axis2\axis2-transport-tcp\1.7.7\axis2-transport-tcp-1.7.7.jar;C:\Users\pindupal\.m2\repository\org\apache\axis2\axis2-transport-udp\1.7.7\axis2-transport-udp-1.7.7.jar;C:\Users\pindupal\.m2\repository\org\apache\axis2\axis2-transport-xmpp\1.7.7\axis2-transport-xmpp-1.7.7.jar;C:\Users\pindupal\.m2\repository\jivesoftware\smack\3.0.4\smack-3.0.4.jar;C:\Users\pindupal\.m2\repository\jivesoftware\smackx\3.0.4\smackx-3.0.4.jar;C:\Users\pindupal\.m2\repository\commons-lang\commons-lang\2.3\commons-lang-2.3.jar;C:\Users\pindupal\.m2\repository\com\google\code\findbugs\bcel-findbugs\6.0\bcel-findbugs-6.0.jar;C:\Users\pindupal\.m2\repository\commons-cli\commons-cli\1.4\commons-cli-1.4.jar;C:\Users\pindupal\.m2\repository\commons-codec\commons-codec\1.6\commons-codec-1.6.jar;C:\Users\pindupal\.m2\repository\commons-fileupload\commons-fileupload\1.3.3\commons-fileupload-1.3.3.jar;C:\Users\pindupal\.m2\repository\commons-logging\commons-logging\1.1.1\commons-logging-1.1.1.jar;C:\Users\pindupal\.m2\repository\org\apache\geronimo\specs\geronimo-annotation_1.0_spec\1.1.1\geronimo-annotation_1.0_spec-1.1.1.jar;C:\Users\pindupal\.m2\repository\org\apache\geronimo\specs\geronimo-jaxws_2.2_spec\1.0\geronimo-jaxws_2.2_spec-1.0.jar;C:\Users\pindupal\.m2\repository\org\apache\geronimo\specs\geronimo-jta_1.1_spec\1.1.1\geronimo-jta_1.1_spec-1.1.1.jar;C:\Users\pindupal\.m2\repository\org\apache\geronimo\specs\geronimo-saaj_1.3_spec\1.0.1\geronimo-saaj_1.3_spec-1.0.1.jar;C:\Users\pindupal\.m2\repository\org\apache\geronimo\specs\geronimo-stax-api_1.0_spec\1.0.1\geronimo-stax-api_1.0_spec-1.0.1.jar;C:\Users\pindupal\.m2\repository\org\apache\geronimo\specs\geronimo-ws-metadata_2.0_spec\1.1.2\geronimo-ws-metadata_2.0_spec-1.1.2.jar;C:\Users\pindupal\.m2\repository\jalopy\jalopy\1.5rc3\jalopy-1.5rc3.jar;C:\Users\pindupal\.m2\repository\javax\xml\bind\jaxb-api\2.2.6\jaxb-api-2.2.6.jar;C:\Users\pindupal\.m2\repository\com\sun\xml\bind\jaxb-impl\2.2.6\jaxb-impl-2.2.6.jar;C:\Users\pindupal\.m2\repository\com\sun\xml\bind\jaxb-xjc\2.2.6\jaxb-xjc-2.2.6.jar;C:\Users\pindupal\.m2\repository\jaxen\jaxen\1.1.6\jaxen-1.1.6.jar;C:\Users\pindupal\.m2\repository\com\sun\xml\ws\jaxws-rt\2.3.0\jaxws-rt-2.3.0.jar;C:\Users\pindupal\.m2\repository\com\sun\xml\bind\jaxb-core\2.3.0\jaxb-core-2.3.0.jar;C:\Users\pindupal\.m2\repository\com\sun\xml\ws\policy\2.7.2\policy-2.7.2.jar;C:\Users\pindupal\.m2\repository\org\glassfish\gmbal\gmbal-api-only\3.1.0-b001\gmbal-api-only-3.1.0-b001.jar;C:\Users\pindupal\.m2\repository\org\glassfish\external\management-api\3.0.0-b012\management-api-3.0.0-b012.jar;C:\Users\pindupal\.m2\repository\org\jvnet\staxex\stax-ex\1.7.8\stax-ex-1.7.8.jar;C:\Users\pindupal\.m2\repository\com\sun\xml\stream\buffer\streambuffer\1.5.4\streambuffer-1.5.4.jar;C:\Users\pindupal\.m2\repository\org\jvnet\mimepull\mimepull\1.9.7\mimepull-1.9.7.jar;C:\Users\pindupal\.m2\repository\org\glassfish\ha\ha-api\3.1.9\ha-api-3.1.9.jar;C:\Users\pindupal\.m2\repository\com\sun\xml\messaging\saaj\saaj-impl\1.4.0\saaj-impl-1.4.0.jar;C:\Users\pindupal\.m2\repository\com\sun\org\apache\xml\internal\resolver\20050927\resolver-20050927.jar;C:\Users\pindupal\.m2\repository\com\sun\xml\bind\jaxb-jxc\2.3.0\jaxb-jxc-2.3.0.jar;C:\Users\pindupal\.m2\repository\javax\xml\ws\jaxws-api\2.3.0\jaxws-api-2.3.0.jar;C:\Users\pindupal\.m2\repository\javax\xml\soap\javax.xml.soap-api\1.4.0\javax.xml.soap-api-1.4.0.jar;C:\Users\pindupal\.m2\repository\javax\jws\jsr181-api\1.0-MR1\jsr181-api-1.0-MR1.jar;C:\Users\pindupal\.m2\repository\org\codehaus\jettison\jettison\1.3.8\jettison-1.3.8.jar;C:\Users\pindupal\.m2\repository\stax\stax-api\1.0.1\stax-api-1.0.1.jar;C:\Users\pindupal\.m2\repository\org\jibx\jibx-bind\1.2.6\jibx-bind-1.2.6.jar;C:\Users\pindupal\.m2\repository\bcel\bcel\5.1\bcel-5.1.jar;C:\Users\pindupal\.m2\repository\regexp\regexp\1.2\regexp-1.2.jar;C:\Users\pindupal\.m2\repository\com\thoughtworks\qdox\qdox\1.12.1\qdox-1.12.1.jar;C:\Users\pindupal\.m2\repository\org\jibx\jibx-run\1.2.6\jibx-run-1.2.6.jar;C:\Users\pindupal\.m2\repository\xpp3\xpp3\1.1.3.4.O\xpp3-1.1.3.4.O.jar;C:\Users\pindupal\.m2\repository\javax\ws\rs\jsr311-api\1.1.1\jsr311-api-1.1.1.jar;C:\Users\pindupal\.m2\repository\org\apache\tomcat\juli\6.0.16\juli-6.0.16.jar;C:\Users\pindupal\.m2\repository\log4j\log4j\1.2.17\log4j-1.2.17.jar;C:\Users\pindupal\.m2\repository\javax\mail\mail\1.4\mail-1.4.jar;C:\Users\pindupal\.m2\repository\org\apache\neethi\neethi\3.0.3\neethi-3.0.3.jar;C:\Users\pindupal\.m2\repository\org\codehaus\woodstox\stax2-api\3.1.1\stax2-api-3.1.1.jar;C:\Users\pindupal\.m2\repository\javax\xml\stream\stax-api\1.0-2\stax-api-1.0-2.jar;C:\Users\pindupal\.m2\repository\org\apache\tomcat\tribes\6.0.16\tribes-6.0.16.jar;C:\Users\pindupal\.m2\repository\org\apache\woden\woden-core\1.0M10\woden-core-1.0M10.jar;C:\Users\pindupal\.m2\repository\org\codehaus\woodstox\woodstox-core-asl\4.2.0\woodstox-core-asl-4.2.0.jar;C:\Users\pindupal\.m2\repository\wsdl4j\wsdl4j\1.6.3\wsdl4j-1.6.3.jar;C:\Users\pindupal\.m2\repository\xalan\xalan\2.7.0\xalan-2.7.0.jar;C:\Users\pindupal\.m2\repository\xml-apis\xml-apis\1.0.b2\xml-apis-1.0.b2.jar;C:\Users\pindupal\.m2\repository\org\apache\xmlbeans\xmlbeans\2.5.0\xmlbeans-2.5.0.jar;C:\Users\pindupal\.m2\repository\xml-resolver\xml-resolver\1.2\xml-resolver-1.2.jar;C:\Users\pindupal\.m2\repository\org\apache\ws\xmlschema\xmlschema-core\2.2.3\xmlschema-core-2.2.3.jar;C:\Users\pindupal\.m2\repository\org\apache\httpcomponents\httpcore\4.4.9\httpcore-4.4.9.jar;C:\Users\pindupal\.m2\repository\commons-httpclient\commons-httpclient\3.1\commons-httpclient-3.1.jar;"/>
    <property name="java.vm.vendor" value="Oracle Corporation"/>
    <property name="sun.arch.data.model" value="64"/>
    <property name="user.variant" value=""/>
    <property name="java.vendor.url" value="http://java.oracle.com/"/>
    <property name="user.timezone" value=""/>
    <property name="java.vm.specification.version" value="1.8"/>
    <property name="os.name" value="Windows 10"/>
    <property name="user.country" value="US"/>
    <property name="sun.java.launcher" value="SUN_STANDARD"/>
    <property name="sun.boot.library.path" value="C:\Program Files\Java\jdk1.8.0_162\jre\bin"/>
    <property name="sun.java.command" value="C:\Users\pindupal\AppData\Local\Temp\surefire4996512949116400139\surefirebooter8387805621526080646.jar C:\Users\pindupal\AppData\Local\Temp\surefire4996512949116400139 2018-04-06T16-37-43_265-jvmRun1 surefire1125282295163416212tmp surefire_03484714963019527125tmp"/>
    <property name="surefire.test.class.path" value="C:\Work_Data\Selenium\DLGAutomationFramework\target\test-classes;C:\Work_Data\Selenium\DLGAutomationFramework\target\Automation_Framework-0.0.1-SNAPSHOT.jar;C:\Users\pindupal\.m2\repository\commons-io\commons-io\2.5\commons-io-2.5.jar;C:\Users\pindupal\.m2\repository\com\beust\jcommander\1.72\jcommander-1.72.jar;C:\Users\pindupal\.m2\repository\org\beanshell\bsh\2.0b5\bsh-2.0b5.jar;C:\Users\pindupal\.m2\repository\info\cukes\cucumber-java\1.2.5\cucumber-java-1.2.5.jar;C:\Users\pindupal\.m2\repository\info\cukes\cucumber-core\1.2.5\cucumber-core-1.2.5.jar;C:\Users\pindupal\.m2\repository\info\cukes\cucumber-html\0.2.3\cucumber-html-0.2.3.jar;C:\Users\pindupal\.m2\repository\info\cukes\cucumber-jvm-deps\1.0.5\cucumber-jvm-deps-1.0.5.jar;C:\Users\pindupal\.m2\repository\info\cukes\gherkin\2.12.2\gherkin-2.12.2.jar;C:\Users\pindupal\.m2\repository\info\cukes\cucumber-picocontainer\1.2.5\cucumber-picocontainer-1.2.5.jar;C:\Users\pindupal\.m2\repository\org\picocontainer\picocontainer\2.15\picocontainer-2.15.jar;C:\Users\pindupal\.m2\repository\org\seleniumhq\selenium\selenium-java\3.11.0\selenium-java-3.11.0.jar;C:\Users\pindupal\.m2\repository\org\seleniumhq\selenium\selenium-api\3.11.0\selenium-api-3.11.0.jar;C:\Users\pindupal\.m2\repository\org\seleniumhq\selenium\selenium-chrome-driver\3.11.0\selenium-chrome-driver-3.11.0.jar;C:\Users\pindupal\.m2\repository\org\seleniumhq\selenium\selenium-edge-driver\3.11.0\selenium-edge-driver-3.11.0.jar;C:\Users\pindupal\.m2\repository\org\seleniumhq\selenium\selenium-firefox-driver\3.11.0\selenium-firefox-driver-3.11.0.jar;C:\Users\pindupal\.m2\repository\org\seleniumhq\selenium\selenium-ie-driver\3.11.0\selenium-ie-driver-3.11.0.jar;C:\Users\pindupal\.m2\repository\org\seleniumhq\selenium\selenium-opera-driver\3.11.0\selenium-opera-driver-3.11.0.jar;C:\Users\pindupal\.m2\repository\org\seleniumhq\selenium\selenium-remote-driver\3.11.0\selenium-remote-driver-3.11.0.jar;C:\Users\pindupal\.m2\repository\org\seleniumhq\selenium\selenium-safari-driver\3.11.0\selenium-safari-driver-3.11.0.jar;C:\Users\pindupal\.m2\repository\org\seleniumhq\selenium\selenium-support\3.11.0\selenium-support-3.11.0.jar;C:\Users\pindupal\.m2\repository\org\apache\commons\commons-exec\1.3\commons-exec-1.3.jar;C:\Users\pindupal\.m2\repository\com\google\code\gson\gson\2.8.2\gson-2.8.2.jar;C:\Users\pindupal\.m2\repository\com\squareup\okhttp3\okhttp\3.9.1\okhttp-3.9.1.jar;C:\Users\pindupal\.m2\repository\com\squareup\okio\okio\1.13.0\okio-1.13.0.jar;C:\Users\pindupal\.m2\repository\junit\junit\4.12\junit-4.12.jar;C:\Users\pindupal\.m2\repository\org\hamcrest\hamcrest-core\1.3\hamcrest-core-1.3.jar;C:\Users\pindupal\.m2\repository\info\cukes\cucumber-junit\1.2.5\cucumber-junit-1.2.5.jar;C:\Users\pindupal\.m2\repository\javax\ws\rs\javax.ws.rs-api\2.1\javax.ws.rs-api-2.1.jar;C:\Users\pindupal\.m2\repository\org\glassfish\jersey\core\jersey-common\2.26\jersey-common-2.26.jar;C:\Users\pindupal\.m2\repository\javax\annotation\javax.annotation-api\1.2\javax.annotation-api-1.2.jar;C:\Users\pindupal\.m2\repository\org\glassfish\hk2\external\javax.inject\2.5.0-b42\javax.inject-2.5.0-b42.jar;C:\Users\pindupal\.m2\repository\org\glassfish\hk2\osgi-resource-locator\1.0.1\osgi-resource-locator-1.0.1.jar;C:\Users\pindupal\.m2\repository\org\glassfish\hk2\hk2-api\2.5.0-b61\hk2-api-2.5.0-b61.jar;C:\Users\pindupal\.m2\repository\javax\inject\javax.inject\1\javax.inject-1.jar;C:\Users\pindupal\.m2\repository\org\glassfish\hk2\hk2-utils\2.5.0-b61\hk2-utils-2.5.0-b61.jar;C:\Users\pindupal\.m2\repository\org\glassfish\hk2\external\aopalliance-repackaged\2.5.0-b61\aopalliance-repackaged-2.5.0-b61.jar;C:\Users\pindupal\.m2\repository\org\glassfish\jersey\bundles\repackaged\jersey-guava\2.26-b03\jersey-guava-2.26-b03.jar;C:\Users\pindupal\.m2\repository\org\eclipse\swt-win32-win32-x86\3.5.2\swt-win32-win32-x86-3.5.2.jar;C:\Users\pindupal\.m2\repository\org\jboss\resteasy\resteasy-client\3.0.2.Final\resteasy-client-3.0.2.Final.jar;C:\Users\pindupal\.m2\repository\org\jboss\resteasy\resteasy-jaxrs\3.0.2.Final\resteasy-jaxrs-3.0.2.Final.jar;C:\Users\pindupal\.m2\repository\org\jboss\resteasy\jaxrs-api\3.0.2.Final\jaxrs-api-3.0.2.Final.jar;C:\Users\pindupal\.m2\repository\org\slf4j\slf4j-simple\1.5.8\slf4j-simple-1.5.8.jar;C:\Users\pindupal\.m2\repository\org\scannotation\scannotation\1.0.3\scannotation-1.0.3.jar;C:\Users\pindupal\.m2\repository\javassist\javassist\3.12.1.GA\javassist-3.12.1.GA.jar;C:\Users\pindupal\.m2\repository\javax\annotation\jsr250-api\1.0\jsr250-api-1.0.jar;C:\Users\pindupal\.m2\repository\net\jcip\jcip-annotations\1.0\jcip-annotations-1.0.jar;C:\Users\pindupal\.m2\repository\com\google\guava\guava\24.0-jre\guava-24.0-jre.jar;C:\Users\pindupal\.m2\repository\com\google\code\findbugs\jsr305\1.3.9\jsr305-1.3.9.jar;C:\Users\pindupal\.m2\repository\org\checkerframework\checker-compat-qual\2.0.0\checker-compat-qual-2.0.0.jar;C:\Users\pindupal\.m2\repository\com\google\errorprone\error_prone_annotations\2.1.3\error_prone_annotations-2.1.3.jar;C:\Users\pindupal\.m2\repository\com\google\j2objc\j2objc-annotations\1.1\j2objc-annotations-1.1.jar;C:\Users\pindupal\.m2\repository\org\codehaus\mojo\animal-sniffer-annotations\1.14\animal-sniffer-annotations-1.14.jar;C:\Users\pindupal\.m2\repository\org\slf4j\slf4j-jdk14\1.7.25\slf4j-jdk14-1.7.25.jar;C:\Users\pindupal\.m2\repository\com\atlassian\event\atlassian-event\3.1.5\atlassian-event-3.1.5.jar;C:\Users\pindupal\.m2\repository\com\atlassian\fugue\fugue\2.6.1\fugue-2.6.1.jar;C:\Users\pindupal\.m2\repository\com\atlassian\sal\sal-api\3.1.0\sal-api-3.1.0.jar;C:\Users\pindupal\.m2\repository\org\springframework\spring-context\3.1.1.RELEASE\spring-context-3.1.1.RELEASE.jar;C:\Users\pindupal\.m2\repository\org\springframework\spring-aop\3.1.1.RELEASE\spring-aop-3.1.1.RELEASE.jar;C:\Users\pindupal\.m2\repository\aopalliance\aopalliance\1.0\aopalliance-1.0.jar;C:\Users\pindupal\.m2\repository\org\springframework\spring-beans\3.1.1.RELEASE\spring-beans-3.1.1.RELEASE.jar;C:\Users\pindupal\.m2\repository\org\springframework\spring-core\3.1.1.RELEASE\spring-core-3.1.1.RELEASE.jar;C:\Users\pindupal\.m2\repository\org\springframework\spring-expression\3.1.1.RELEASE\spring-expression-3.1.1.RELEASE.jar;C:\Users\pindupal\.m2\repository\org\springframework\spring-asm\3.1.1.RELEASE\spring-asm-3.1.1.RELEASE.jar;C:\Users\pindupal\.m2\repository\org\apache\httpcomponents\httpcore-nio\4.2.2\httpcore-nio-4.2.2.jar;C:\Users\pindupal\.m2\repository\org\apache\httpcomponents\httpasyncclient-cache\4.0-beta3-atlassian-1\httpasyncclient-cache-4.0-beta3-atlassian-1.jar;C:\Users\pindupal\.m2\repository\org\apache\httpcomponents\httpasyncclient\4.0-beta3-atlassian-1\httpasyncclient-4.0-beta3-atlassian-1.jar;C:\Users\pindupal\.m2\repository\org\apache\httpcomponents\httpclient-cache\4.5.5\httpclient-cache-4.5.5.jar;C:\Users\pindupal\.m2\repository\org\apache\httpcomponents\httpclient\4.5.5\httpclient-4.5.5.jar;C:\Users\pindupal\.m2\repository\com\atlassian\httpclient\atlassian-httpclient-spi\0.17.0-m01\atlassian-httpclient-spi-0.17.0-m01.jar;C:\Users\pindupal\.m2\repository\org\slf4j\slf4j-api\1.5.8\slf4j-api-1.5.8.jar;C:\Users\pindupal\.m2\repository\org\apache\httpcomponents\httpmime\4.1.2\httpmime-4.1.2.jar;C:\Users\pindupal\.m2\repository\joda-time\joda-time\1.6\joda-time-1.6.jar;C:\Users\pindupal\.m2\repository\com\googlecode\json-simple\json-simple\1.1.1\json-simple-1.1.1.jar;C:\Users\pindupal\.m2\repository\org\apache\poi\poi-ooxml\3.17\poi-ooxml-3.17.jar;C:\Users\pindupal\.m2\repository\org\apache\poi\poi\3.17\poi-3.17.jar;C:\Users\pindupal\.m2\repository\org\apache\commons\commons-collections4\4.1\commons-collections4-4.1.jar;C:\Users\pindupal\.m2\repository\org\apache\poi\poi-ooxml-schemas\3.17\poi-ooxml-schemas-3.17.jar;C:\Users\pindupal\.m2\repository\com\github\virtuald\curvesapi\1.04\curvesapi-1.04.jar;C:\Users\pindupal\.m2\repository\org\apache\axis2\axis2-xmlbeans\1.7.7\axis2-xmlbeans-1.7.7.jar;C:\Users\pindupal\.m2\repository\org\apache\pdfbox\pdfbox\2.0.9\pdfbox-2.0.9.jar;C:\Users\pindupal\.m2\repository\org\apache\pdfbox\fontbox\2.0.9\fontbox-2.0.9.jar;C:\Users\pindupal\.m2\repository\javax\activation\activation\1.1\activation-1.1.jar;C:\Users\pindupal\.m2\repository\antlr\antlr\2.7.7\antlr-2.7.7.jar;C:\Users\pindupal\.m2\repository\org\apache\james\apache-mime4j-core\0.7.2\apache-mime4j-core-0.7.2.jar;C:\Users\pindupal\.m2\repository\org\apache\ws\commons\axiom\axiom-api\1.2.20\axiom-api-1.2.20.jar;C:\Users\pindupal\.m2\repository\org\apache\geronimo\specs\geronimo-activation_1.1_spec\1.1\geronimo-activation_1.1_spec-1.1.jar;C:\Users\pindupal\.m2\repository\org\apache\ws\commons\axiom\axiom-dom\1.2.20\axiom-dom-1.2.20.jar;C:\Users\pindupal\.m2\repository\org\apache\ws\commons\axiom\axiom-impl\1.2.20\axiom-impl-1.2.20.jar;C:\Users\pindupal\.m2\repository\org\apache\ws\commons\axiom\axiom-jaxb\1.2.20\axiom-jaxb-1.2.20.jar;C:\Users\pindupal\.m2\repository\org\apache\axis2\axis2-adb\1.7.7\axis2-adb-1.7.7.jar;C:\Users\pindupal\.m2\repository\org\apache\axis2\axis2-adb-codegen\1.7.7\axis2-adb-codegen-1.7.7.jar;C:\Users\pindupal\.m2\repository\org\apache\axis2\axis2-ant-plugin\1.7.7\axis2-ant-plugin-1.7.7.jar;C:\Users\pindupal\.m2\repository\org\apache\geronimo\specs\geronimo-javamail_1.4_spec\1.6\geronimo-javamail_1.4_spec-1.6.jar;C:\Users\pindupal\.m2\repository\org\apache\ant\ant\1.7.0\ant-1.7.0.jar;C:\Users\pindupal\.m2\repository\org\apache\ant\ant-launcher\1.7.0\ant-launcher-1.7.0.jar;C:\Users\pindupal\.m2\repository\org\apache\axis2\axis2-clustering\1.7.7\axis2-clustering-1.7.7.jar;C:\Users\pindupal\.m2\repository\org\apache\axis2\axis2-codegen\1.7.7\axis2-codegen-1.7.7.jar;C:\Users\pindupal\.m2\repository\com\sun\xml\ws\jaxws-tools\2.2.6\jaxws-tools-2.2.6.jar;C:\Users\pindupal\.m2\repository\org\apache\axis2\axis2-corba\1.7.7\axis2-corba-1.7.7.jar;C:\Users\pindupal\.m2\repository\org\apache\axis2\axis2-fastinfoset\1.7.7\axis2-fastinfoset-1.7.7.jar;C:\Users\pindupal\.m2\repository\com\sun\xml\fastinfoset\FastInfoset\1.2.7\FastInfoset-1.2.7.jar;C:\Users\pindupal\.m2\repository\org\apache\axis2\axis2-java2wsdl\1.7.7\axis2-java2wsdl-1.7.7.jar;C:\Users\pindupal\.m2\repository\org\apache\axis2\axis2-jaxbri\1.7.7\axis2-jaxbri-1.7.7.jar;C:\Users\pindupal\.m2\repository\org\apache\axis2\axis2-jaxws\1.7.7\axis2-jaxws-1.7.7.jar;C:\Users\pindupal\.m2\repository\org\apache\axis2\axis2-jibx\1.7.7\axis2-jibx-1.7.7.jar;C:\Users\pindupal\.m2\repository\org\apache\axis2\axis2-json\1.7.7\axis2-json-1.7.7.jar;C:\Users\pindupal\.m2\repository\org\apache\axis2\axis2-kernel\1.7.7\axis2-kernel-1.7.7.jar;C:\Users\pindupal\.m2\repository\javax\servlet\servlet-api\2.3\servlet-api-2.3.jar;C:\Users\pindupal\.m2\repository\org\apache\axis2\axis2-metadata\1.7.7\axis2-metadata-1.7.7.jar;C:\Users\pindupal\.m2\repository\org\apache\axis2\axis2-mtompolicy\1.7.7\axis2-mtompolicy-1.7.7.jar;C:\Users\pindupal\.m2\repository\org\apache\axis2\axis2-saaj\1.7.7\axis2-saaj-1.7.7.jar;C:\Users\pindupal\.m2\repository\org\apache\axis2\axis2-soapmonitor-servlet\1.7.7\axis2-soapmonitor-servlet-1.7.7.jar;C:\Users\pindupal\.m2\repository\org\apache\axis2\axis2-spring\1.7.7\axis2-spring-1.7.7.jar;C:\Users\pindupal\.m2\repository\org\springframework\spring-web\2.5.1\spring-web-2.5.1.jar;C:\Users\pindupal\.m2\repository\org\apache\axis2\axis2-transport-base\1.7.7\axis2-transport-base-1.7.7.jar;C:\Users\pindupal\.m2\repository\org\apache\axis2\axis2-transport-http\1.7.7\axis2-transport-http-1.7.7.jar;C:\Users\pindupal\.m2\repository\org\apache\axis2\axis2-transport-jms\1.7.7\axis2-transport-jms-1.7.7.jar;C:\Users\pindupal\.m2\repository\org\apache\geronimo\specs\geronimo-jms_1.1_spec\1.1\geronimo-jms_1.1_spec-1.1.jar;C:\Users\pindupal\.m2\repository\org\apache\geronimo\specs\geronimo-jta_1.0.1B_spec\1.0\geronimo-jta_1.0.1B_spec-1.0.jar;C:\Users\pindupal\.m2\repository\org\apache\axis2\axis2-transport-local\1.7.7\axis2-transport-local-1.7.7.jar;C:\Users\pindupal\.m2\repository\org\apache\axis2\axis2-transport-mail\1.7.7\axis2-transport-mail-1.7.7.jar;C:\Users\pindupal\.m2\repository\org\apache\axis2\axis2-transport-tcp\1.7.7\axis2-transport-tcp-1.7.7.jar;C:\Users\pindupal\.m2\repository\org\apache\axis2\axis2-transport-udp\1.7.7\axis2-transport-udp-1.7.7.jar;C:\Users\pindupal\.m2\repository\org\apache\axis2\axis2-transport-xmpp\1.7.7\axis2-transport-xmpp-1.7.7.jar;C:\Users\pindupal\.m2\repository\jivesoftware\smack\3.0.4\smack-3.0.4.jar;C:\Users\pindupal\.m2\repository\jivesoftware\smackx\3.0.4\smackx-3.0.4.jar;C:\Users\pindupal\.m2\repository\commons-lang\commons-lang\2.3\commons-lang-2.3.jar;C:\Users\pindupal\.m2\repository\com\google\code\findbugs\bcel-findbugs\6.0\bcel-findbugs-6.0.jar;C:\Users\pindupal\.m2\repository\commons-cli\commons-cli\1.4\commons-cli-1.4.jar;C:\Users\pindupal\.m2\repository\commons-codec\commons-codec\1.6\commons-codec-1.6.jar;C:\Users\pindupal\.m2\repository\commons-fileupload\commons-fileupload\1.3.3\commons-fileupload-1.3.3.jar;C:\Users\pindupal\.m2\repository\commons-logging\commons-logging\1.1.1\commons-logging-1.1.1.jar;C:\Users\pindupal\.m2\repository\org\apache\geronimo\specs\geronimo-annotation_1.0_spec\1.1.1\geronimo-annotation_1.0_spec-1.1.1.jar;C:\Users\pindupal\.m2\repository\org\apache\geronimo\specs\geronimo-jaxws_2.2_spec\1.0\geronimo-jaxws_2.2_spec-1.0.jar;C:\Users\pindupal\.m2\repository\org\apache\geronimo\specs\geronimo-jta_1.1_spec\1.1.1\geronimo-jta_1.1_spec-1.1.1.jar;C:\Users\pindupal\.m2\repository\org\apache\geronimo\specs\geronimo-saaj_1.3_spec\1.0.1\geronimo-saaj_1.3_spec-1.0.1.jar;C:\Users\pindupal\.m2\repository\org\apache\geronimo\specs\geronimo-stax-api_1.0_spec\1.0.1\geronimo-stax-api_1.0_spec-1.0.1.jar;C:\Users\pindupal\.m2\repository\org\apache\geronimo\specs\geronimo-ws-metadata_2.0_spec\1.1.2\geronimo-ws-metadata_2.0_spec-1.1.2.jar;C:\Users\pindupal\.m2\repository\jalopy\jalopy\1.5rc3\jalopy-1.5rc3.jar;C:\Users\pindupal\.m2\repository\javax\xml\bind\jaxb-api\2.2.6\jaxb-api-2.2.6.jar;C:\Users\pindupal\.m2\repository\com\sun\xml\bind\jaxb-impl\2.2.6\jaxb-impl-2.2.6.jar;C:\Users\pindupal\.m2\repository\com\sun\xml\bind\jaxb-xjc\2.2.6\jaxb-xjc-2.2.6.jar;C:\Users\pindupal\.m2\repository\jaxen\jaxen\1.1.6\jaxen-1.1.6.jar;C:\Users\pindupal\.m2\repository\com\sun\xml\ws\jaxws-rt\2.3.0\jaxws-rt-2.3.0.jar;C:\Users\pindupal\.m2\repository\com\sun\xml\bind\jaxb-core\2.3.0\jaxb-core-2.3.0.jar;C:\Users\pindupal\.m2\repository\com\sun\xml\ws\policy\2.7.2\policy-2.7.2.jar;C:\Users\pindupal\.m2\repository\org\glassfish\gmbal\gmbal-api-only\3.1.0-b001\gmbal-api-only-3.1.0-b001.jar;C:\Users\pindupal\.m2\repository\org\glassfish\external\management-api\3.0.0-b012\management-api-3.0.0-b012.jar;C:\Users\pindupal\.m2\repository\org\jvnet\staxex\stax-ex\1.7.8\stax-ex-1.7.8.jar;C:\Users\pindupal\.m2\repository\com\sun\xml\stream\buffer\streambuffer\1.5.4\streambuffer-1.5.4.jar;C:\Users\pindupal\.m2\repository\org\jvnet\mimepull\mimepull\1.9.7\mimepull-1.9.7.jar;C:\Users\pindupal\.m2\repository\org\glassfish\ha\ha-api\3.1.9\ha-api-3.1.9.jar;C:\Users\pindupal\.m2\repository\com\sun\xml\messaging\saaj\saaj-impl\1.4.0\saaj-impl-1.4.0.jar;C:\Users\pindupal\.m2\repository\com\sun\org\apache\xml\internal\resolver\20050927\resolver-20050927.jar;C:\Users\pindupal\.m2\repository\com\sun\xml\bind\jaxb-jxc\2.3.0\jaxb-jxc-2.3.0.jar;C:\Users\pindupal\.m2\repository\javax\xml\ws\jaxws-api\2.3.0\jaxws-api-2.3.0.jar;C:\Users\pindupal\.m2\repository\javax\xml\soap\javax.xml.soap-api\1.4.0\javax.xml.soap-api-1.4.0.jar;C:\Users\pindupal\.m2\repository\javax\jws\jsr181-api\1.0-MR1\jsr181-api-1.0-MR1.jar;C:\Users\pindupal\.m2\repository\org\codehaus\jettison\jettison\1.3.8\jettison-1.3.8.jar;C:\Users\pindupal\.m2\repository\stax\stax-api\1.0.1\stax-api-1.0.1.jar;C:\Users\pindupal\.m2\repository\org\jibx\jibx-bind\1.2.6\jibx-bind-1.2.6.jar;C:\Users\pindupal\.m2\repository\bcel\bcel\5.1\bcel-5.1.jar;C:\Users\pindupal\.m2\repository\regexp\regexp\1.2\regexp-1.2.jar;C:\Users\pindupal\.m2\repository\com\thoughtworks\qdox\qdox\1.12.1\qdox-1.12.1.jar;C:\Users\pindupal\.m2\repository\org\jibx\jibx-run\1.2.6\jibx-run-1.2.6.jar;C:\Users\pindupal\.m2\repository\xpp3\xpp3\1.1.3.4.O\xpp3-1.1.3.4.O.jar;C:\Users\pindupal\.m2\repository\javax\ws\rs\jsr311-api\1.1.1\jsr311-api-1.1.1.jar;C:\Users\pindupal\.m2\repository\org\apache\tomcat\juli\6.0.16\juli-6.0.16.jar;C:\Users\pindupal\.m2\repository\log4j\log4j\1.2.17\log4j-1.2.17.jar;C:\Users\pindupal\.m2\repository\javax\mail\mail\1.4\mail-1.4.jar;C:\Users\pindupal\.m2\repository\org\apache\neethi\neethi\3.0.3\neethi-3.0.3.jar;C:\Users\pindupal\.m2\repository\org\codehaus\woodstox\stax2-api\3.1.1\stax2-api-3.1.1.jar;C:\Users\pindupal\.m2\repository\javax\xml\stream\stax-api\1.0-2\stax-api-1.0-2.jar;C:\Users\pindupal\.m2\repository\org\apache\tomcat\tribes\6.0.16\tribes-6.0.16.jar;C:\Users\pindupal\.m2\repository\org\apache\woden\woden-core\1.0M10\woden-core-1.0M10.jar;C:\Users\pindupal\.m2\repository\org\codehaus\woodstox\woodstox-core-asl\4.2.0\woodstox-core-asl-4.2.0.jar;C:\Users\pindupal\.m2\repository\wsdl4j\wsdl4j\1.6.3\wsdl4j-1.6.3.jar;C:\Users\pindupal\.m2\repository\xalan\xalan\2.7.0\xalan-2.7.0.jar;C:\Users\pindupal\.m2\repository\xml-apis\xml-apis\1.0.b2\xml-apis-1.0.b2.jar;C:\Users\pindupal\.m2\repository\org\apache\xmlbeans\xmlbeans\2.5.0\xmlbeans-2.5.0.jar;C:\Users\pindupal\.m2\repository\xml-resolver\xml-resolver\1.2\xml-resolver-1.2.jar;C:\Users\pindupal\.m2\repository\org\apache\ws\xmlschema\xmlschema-core\2.2.3\xmlschema-core-2.2.3.jar;C:\Users\pindupal\.m2\repository\org\apache\httpcomponents\httpcore\4.4.9\httpcore-4.4.9.jar;C:\Users\pindupal\.m2\repository\commons-httpclient\commons-httpclient\3.1\commons-httpclient-3.1.jar;"/>
    <property name="sun.cpu.endian" value="little"/>
    <property name="user.home" value="C:\Users\pindupal"/>
    <property name="user.language" value="en"/>
    <property name="java.specification.vendor" value="Oracle Corporation"/>
    <property name="java.home" value="C:\Program Files\Java\jdk1.8.0_162\jre"/>
    <property name="basedir" value="C:\Work_Data\Selenium\DLGAutomationFramework"/>
    <property name="file.separator" value="\"/>
    <property name="line.separator" value="&#10;"/>
    <property name="java.vm.specification.vendor" value="Oracle Corporation"/>
    <property name="java.specification.name" value="Java Platform API Specification"/>
    <property name="java.awt.graphicsenv" value="sun.awt.Win32GraphicsEnvironment"/>
    <property name="surefire.real.class.path" value="C:\Users\pindupal\AppData\Local\Temp\surefire4996512949116400139\surefirebooter8387805621526080646.jar"/>
    <property name="sun.boot.class.path" value="C:\Program Files\Java\jdk1.8.0_162\jre\lib\resources.jar;C:\Program Files\Java\jdk1.8.0_162\jre\lib\rt.jar;C:\Program Files\Java\jdk1.8.0_162\jre\lib\sunrsasign.jar;C:\Program Files\Java\jdk1.8.0_162\jre\lib\jsse.jar;C:\Program Files\Java\jdk1.8.0_162\jre\lib\jce.jar;C:\Program Files\Java\jdk1.8.0_162\jre\lib\charsets.jar;C:\Program Files\Java\jdk1.8.0_162\jre\lib\jfr.jar;C:\Program Files\Java\jdk1.8.0_162\jre\classes"/>
    <property name="user.script" value=""/>
    <property name="sun.management.compiler" value="HotSpot 64-Bit Tiered Compilers"/>
    <property name="java.runtime.version" value="1.8.0_162-b12"/>
    <property name="user.name" value="pindupal"/>
    <property name="path.separator" value=";"/>
    <property name="os.version" value="10.0"/>
    <property name="java.endorsed.dirs" value="C:\Program Files\Java\jdk1.8.0_162\jre\lib\endorsed"/>
    <property name="java.runtime.name" value="Java(TM) SE Runtime Environment"/>
    <property name="file.encoding" value="Cp1252"/>
    <property name="java.vm.name" value="Java HotSpot(TM) 64-Bit Server VM"/>
    <property name="localRepository" value="C:\Users\pindupal\.m2\repository"/>
    <property name="java.vendor.url.bug" value="http://bugreport.sun.com/bugreport/"/>
    <property name="java.io.tmpdir" value="C:\Users\pindupal\AppData\Local\Temp\"/>
    <property name="java.version" value="1.8.0_162"/>
    <property name="user.dir" value="C:\Work_Data\Selenium\DLGAutomationFramework"/>
    <property name="os.arch" value="amd64"/>
    <property name="java.vm.specification.name" value="Java Virtual Machine Specification"/>
    <property name="java.awt.printerjob" value="sun.awt.windows.WPrinterJob"/>
    <property name="sun.os.patch.level" value=""/>
    <property name="java.library.path" value="C:\Program Files\Java\jdk1.8.0_162\jre\bin;C:\WINDOWS\Sun\Java\bin;C:\WINDOWS\system32;C:\WINDOWS;C:/Program Files/Java/jre1.8.0_162/bin/server;C:/Program Files/Java/jre1.8.0_162/bin;C:/Program Files/Java/jre1.8.0_162/lib/amd64;C:\ProgramData\Oracle\Java\javapath;C:\WINDOWS\system32;C:\WINDOWS;C:\WINDOWS\System32\Wbem;C:\WINDOWS\System32\WindowsPowerShell\v1.0\;C:\Program Files (x86)\QuickTime\QTSystem\;C:\Program Files\CapgeminiScripts\Support Tools\;C:\Program Files\Java\jdk1.8.0_162\bin;C:\Axis2\bin;C:\Maven\bin;C:\Users\pindupal\AppData\Local\Microsoft\WindowsApps;C:\Users\pindupal\AppData\Local\GitHubDesktop\bin;C:\Work_Data\Eclipse Oxygen\eclipse;;."/>
    <property name="java.vm.info" value="mixed mode"/>
    <property name="java.vendor" value="Oracle Corporation"/>
    <property name="java.vm.version" value="25.162-b12"/>
    <property name="java.ext.dirs" value="C:\Program Files\Java\jdk1.8.0_162\jre\lib\ext;C:\WINDOWS\Sun\Java\lib\ext"/>
    <property name="sun.io.unicode.encoding" value="UnicodeLittle"/>
    <property name="java.class.version" value="52.0"/>
  </properties>
  <testcase name="Given Get the required API 1" classname="| 1 |" time="0.001"/>
  <testcase name="When request is sent with required policy number and term 1" classname="| 1 |" time="0"/>
  <testcase name="Then verify different billing summary response attributes 1" classname="| 1 |" time="0"/>
  <testcase name="| 1 |" classname="| 1 |" time="0.73"/>
</testsuite>